
**** Clean-only build of configuration Debug for project Lab09_SysTick ****

/Applications/ti/ccs1250/ccs/utils/bin/gmake -k -j 11 clean -O 
 
rm -rf  "Lab09_SysTick.out" 
rm -rf "Bump.obj" "Clock.obj" "CortexM.obj" "Lab09_SysTickmain.obj" "LaunchPad.obj" "SysTick.obj" "TExaS.obj" "startup_msp432p401r_ccs.obj" "system_msp432p401r.obj" 
rm -rf "Bump.d" "Clock.d" "CortexM.d" "Lab09_SysTickmain.d" "LaunchPad.d" "SysTick.d" "TExaS.d" "startup_msp432p401r_ccs.d" "system_msp432p401r.d" 
Finished clean
 

**** Build Finished ****

**** Build of configuration Debug for project Lab09_SysTick ****

/Applications/ti/ccs1250/ccs/utils/bin/gmake -k -j 11 all -O 
 
Building file: "../Lab09_SysTickmain.c"
Invoking: ARM Compiler
"/Applications/ti/ccs1250/ccs/tools/compiler/ti-cgt-arm_20.2.7.LTS/bin/armcl" -mv7M4 --code_state=16 --float_support=FPv4SPD16 -me --include_path="/Applications/ti/ccs1250/ccs/tools/compiler/ti-cgt-arm_20.2.7.LTS/include" --include_path="/Applications/ti/ccs1250/ccs/ccs_base/arm/include" --include_path="/Applications/ti/ccs1250/ccs/ccs_base/arm/include/CMSIS" --advice:power=all --define=__MSP432P401R__ --define=TARGET_IS_MSP432P4XX --define=ccs -g --c99 --gcc --diag_warning=225 --diag_wrap=off --display_error_number --abi=eabi --preproc_with_compile --preproc_dependency="Lab09_SysTickmain.d_raw"  "../Lab09_SysTickmain.c"
 
>> Compilation failure
subdir_rules.mk:28: recipe for target 'Lab09_SysTickmain.obj' failed
"../Lab09_SysTickmain.c", line 51: fatal error #1965: cannot open source file "..\inc\TExaS.h"
1 catastrophic error detected in the compilation of "../Lab09_SysTickmain.c".
Compilation terminated.
gmake: *** [Lab09_SysTickmain.obj] Error 1
"/Users/adambrower/spring24/ece_1188/tirslk_max_1_00_00/inc/TExaS.c", line 42: fatal error #1965: cannot open source file "..\inc\CortexM.h"
1 catastrophic error detected in the compilation of "/Users/adambrower/spring24/ece_1188/tirslk_max_1_00_00/inc/TExaS.c".
Compilation terminated.
gmake: *** [TExaS.obj] Error 1
Building file: "/Users/adambrower/spring24/ece_1188/tirslk_max_1_00_00/inc/TExaS.c"
Invoking: ARM Compiler
"/Applications/ti/ccs1250/ccs/tools/compiler/ti-cgt-arm_20.2.7.LTS/bin/armcl" -mv7M4 --code_state=16 --float_support=FPv4SPD16 -me --include_path="/Applications/ti/ccs1250/ccs/tools/compiler/ti-cgt-arm_20.2.7.LTS/include" --include_path="/Applications/ti/ccs1250/ccs/ccs_base/arm/include" --include_path="/Applications/ti/ccs1250/ccs/ccs_base/arm/include/CMSIS" --advice:power=all --define=__MSP432P401R__ --define=TARGET_IS_MSP432P4XX --define=ccs -g --c99 --gcc --diag_warning=225 --diag_wrap=off --display_error_number --abi=eabi --preproc_with_compile --preproc_dependency="TExaS.d_raw"  "/Users/adambrower/spring24/ece_1188/tirslk_max_1_00_00/inc/TExaS.c"
 
>> Compilation failure
subdir_rules.mk:49: recipe for target 'TExaS.obj' failed
Building file: "/Users/adambrower/spring24/ece_1188/tirslk_max_1_00_00/inc/CortexM.c"
Invoking: ARM Compiler
"/Applications/ti/ccs1250/ccs/tools/compiler/ti-cgt-arm_20.2.7.LTS/bin/armcl" -mv7M4 --code_state=16 --float_support=FPv4SPD16 -me --include_path="/Applications/ti/ccs1250/ccs/tools/compiler/ti-cgt-arm_20.2.7.LTS/include" --include_path="/Applications/ti/ccs1250/ccs/ccs_base/arm/include" --include_path="/Applications/ti/ccs1250/ccs/ccs_base/arm/include/CMSIS" --advice:power=all --define=__MSP432P401R__ --define=TARGET_IS_MSP432P4XX --define=ccs -g --c99 --gcc --diag_warning=225 --diag_wrap=off --display_error_number --abi=eabi --preproc_with_compile --preproc_dependency="CortexM.d_raw"  "/Users/adambrower/spring24/ece_1188/tirslk_max_1_00_00/inc/CortexM.c"
Finished building: "/Users/adambrower/spring24/ece_1188/tirslk_max_1_00_00/inc/CortexM.c"
 
Building file: "../startup_msp432p401r_ccs.c"
Invoking: ARM Compiler
"/Applications/ti/ccs1250/ccs/tools/compiler/ti-cgt-arm_20.2.7.LTS/bin/armcl" -mv7M4 --code_state=16 --float_support=FPv4SPD16 -me --include_path="/Applications/ti/ccs1250/ccs/tools/compiler/ti-cgt-arm_20.2.7.LTS/include" --include_path="/Applications/ti/ccs1250/ccs/ccs_base/arm/include" --include_path="/Applications/ti/ccs1250/ccs/ccs_base/arm/include/CMSIS" --advice:power=all --define=__MSP432P401R__ --define=TARGET_IS_MSP432P4XX --define=ccs -g --c99 --gcc --diag_warning=225 --diag_wrap=off --display_error_number --abi=eabi --preproc_with_compile --preproc_dependency="startup_msp432p401r_ccs.d_raw"  "../startup_msp432p401r_ccs.c"
Finished building: "../startup_msp432p401r_ccs.c"
 
Building file: "/Users/adambrower/spring24/ece_1188/tirslk_max_1_00_00/inc/SysTick.c"
Invoking: ARM Compiler
"/Applications/ti/ccs1250/ccs/tools/compiler/ti-cgt-arm_20.2.7.LTS/bin/armcl" -mv7M4 --code_state=16 --float_support=FPv4SPD16 -me --include_path="/Applications/ti/ccs1250/ccs/tools/compiler/ti-cgt-arm_20.2.7.LTS/include" --include_path="/Applications/ti/ccs1250/ccs/ccs_base/arm/include" --include_path="/Applications/ti/ccs1250/ccs/ccs_base/arm/include/CMSIS" --advice:power=all --define=__MSP432P401R__ --define=TARGET_IS_MSP432P4XX --define=ccs -g --c99 --gcc --diag_warning=225 --diag_wrap=off --display_error_number --abi=eabi --preproc_with_compile --preproc_dependency="SysTick.d_raw"  "/Users/adambrower/spring24/ece_1188/tirslk_max_1_00_00/inc/SysTick.c"
"/Users/adambrower/spring24/ece_1188/tirslk_max_1_00_00/inc/SysTick.c", line 71: remark #1527-D: (ULP 2.1) Detected SW delay loop using empty loop. Recommend using a timer module instead
Finished building: "/Users/adambrower/spring24/ece_1188/tirslk_max_1_00_00/inc/SysTick.c"
 
Building file: "/Users/adambrower/spring24/ece_1188/tirslk_max_1_00_00/inc/Bump.c"
Invoking: ARM Compiler
"/Applications/ti/ccs1250/ccs/tools/compiler/ti-cgt-arm_20.2.7.LTS/bin/armcl" -mv7M4 --code_state=16 --float_support=FPv4SPD16 -me --include_path="/Applications/ti/ccs1250/ccs/tools/compiler/ti-cgt-arm_20.2.7.LTS/include" --include_path="/Applications/ti/ccs1250/ccs/ccs_base/arm/include" --include_path="/Applications/ti/ccs1250/ccs/ccs_base/arm/include/CMSIS" --advice:power=all --define=__MSP432P401R__ --define=TARGET_IS_MSP432P4XX --define=ccs -g --c99 --gcc --diag_warning=225 --diag_wrap=off --display_error_number --abi=eabi --preproc_with_compile --preproc_dependency="Bump.d_raw"  "/Users/adambrower/spring24/ece_1188/tirslk_max_1_00_00/inc/Bump.c"
Finished building: "/Users/adambrower/spring24/ece_1188/tirslk_max_1_00_00/inc/Bump.c"
 
Building file: "/Users/adambrower/spring24/ece_1188/tirslk_max_1_00_00/inc/LaunchPad.c"
Invoking: ARM Compiler
"/Applications/ti/ccs1250/ccs/tools/compiler/ti-cgt-arm_20.2.7.LTS/bin/armcl" -mv7M4 --code_state=16 --float_support=FPv4SPD16 -me --include_path="/Applications/ti/ccs1250/ccs/tools/compiler/ti-cgt-arm_20.2.7.LTS/include" --include_path="/Applications/ti/ccs1250/ccs/ccs_base/arm/include" --include_path="/Applications/ti/ccs1250/ccs/ccs_base/arm/include/CMSIS" --advice:power=all --define=__MSP432P401R__ --define=TARGET_IS_MSP432P4XX --define=ccs -g --c99 --gcc --diag_warning=225 --diag_wrap=off --display_error_number --abi=eabi --preproc_with_compile --preproc_dependency="LaunchPad.d_raw"  "/Users/adambrower/spring24/ece_1188/tirslk_max_1_00_00/inc/LaunchPad.c"
Finished building: "/Users/adambrower/spring24/ece_1188/tirslk_max_1_00_00/inc/LaunchPad.c"
 
Building file: "/Users/adambrower/spring24/ece_1188/tirslk_max_1_00_00/inc/Clock.c"
Invoking: ARM Compiler
"/Applications/ti/ccs1250/ccs/tools/compiler/ti-cgt-arm_20.2.7.LTS/bin/armcl" -mv7M4 --code_state=16 --float_support=FPv4SPD16 -me --include_path="/Applications/ti/ccs1250/ccs/tools/compiler/ti-cgt-arm_20.2.7.LTS/include" --include_path="/Applications/ti/ccs1250/ccs/ccs_base/arm/include" --include_path="/Applications/ti/ccs1250/ccs/ccs_base/arm/include/CMSIS" --advice:power=all --define=__MSP432P401R__ --define=TARGET_IS_MSP432P4XX --define=ccs -g --c99 --gcc --diag_warning=225 --diag_wrap=off --display_error_number --abi=eabi --preproc_with_compile --preproc_dependency="Clock.d_raw"  "/Users/adambrower/spring24/ece_1188/tirslk_max_1_00_00/inc/Clock.c"
Finished building: "/Users/adambrower/spring24/ece_1188/tirslk_max_1_00_00/inc/Clock.c"
 
Building file: "../system_msp432p401r.c"
Invoking: ARM Compiler
"/Applications/ti/ccs1250/ccs/tools/compiler/ti-cgt-arm_20.2.7.LTS/bin/armcl" -mv7M4 --code_state=16 --float_support=FPv4SPD16 -me --include_path="/Applications/ti/ccs1250/ccs/tools/compiler/ti-cgt-arm_20.2.7.LTS/include" --include_path="/Applications/ti/ccs1250/ccs/ccs_base/arm/include" --include_path="/Applications/ti/ccs1250/ccs/ccs_base/arm/include/CMSIS" --advice:power=all --define=__MSP432P401R__ --define=TARGET_IS_MSP432P4XX --define=ccs -g --c99 --gcc --diag_warning=225 --diag_wrap=off --display_error_number --abi=eabi --preproc_with_compile --preproc_dependency="system_msp432p401r.d_raw"  "../system_msp432p401r.c"
"../system_msp432p401r.c", line 112: remark #2623-D: (ULP 5.4) Detected an assignment to a type with size less than int. To avoid unnecessary sign extension, use int-sized types for local varaibles and convert to smaller types for static storage.
"../system_msp432p401r.c", line 160: remark #2623-D: (ULP 5.4) Detected an assignment to a type with size less than int. To avoid unnecessary sign extension, use int-sized types for local varaibles and convert to smaller types for static storage.
"../system_msp432p401r.c", line 193: remark #2623-D: (ULP 5.4) Detected an assignment to a type with size less than int. To avoid unnecessary sign extension, use int-sized types for local varaibles and convert to smaller types for static storage.
Finished building: "../system_msp432p401r.c"
 
gmake: Target 'all' not remade because of errors.

**** Build Finished ****

**** Build of configuration Debug for project Lab09_SysTick ****

/Applications/ti/ccs1250/ccs/utils/bin/gmake -k -j 11 all -O 
 
Building file: "/Users/adambrower/spring24/ece_1188/tirslk_max_1_00_00/inc/TExaS.c"
Invoking: ARM Compiler
"/Applications/ti/ccs1250/ccs/tools/compiler/ti-cgt-arm_20.2.7.LTS/bin/armcl" -mv7M4 --code_state=16 --float_support=FPv4SPD16 -me --include_path="/Applications/ti/ccs1250/ccs/tools/compiler/ti-cgt-arm_20.2.7.LTS/include" --include_path="/Applications/ti/ccs1250/ccs/ccs_base/arm/include" --include_path="/Applications/ti/ccs1250/ccs/ccs_base/arm/include/CMSIS" --advice:power=all --define=__MSP432P401R__ --define=TARGET_IS_MSP432P4XX --define=ccs -g --c99 --gcc --diag_warning=225 --diag_wrap=off --display_error_number --abi=eabi --preproc_with_compile --preproc_dependency="TExaS.d_raw"  "/Users/adambrower/spring24/ece_1188/tirslk_max_1_00_00/inc/TExaS.c"
 
>> Compilation failure
subdir_rules.mk:49: recipe for target 'TExaS.obj' failed
"/Users/adambrower/spring24/ece_1188/tirslk_max_1_00_00/inc/TExaS.c", line 42: fatal error #1965: cannot open source file "..\inc\CortexM.h"
1 catastrophic error detected in the compilation of "/Users/adambrower/spring24/ece_1188/tirslk_max_1_00_00/inc/TExaS.c".
Compilation terminated.
gmake: *** [TExaS.obj] Error 1
Building file: "../Lab09_SysTickmain.c"
Invoking: ARM Compiler
"/Applications/ti/ccs1250/ccs/tools/compiler/ti-cgt-arm_20.2.7.LTS/bin/armcl" -mv7M4 --code_state=16 --float_support=FPv4SPD16 -me --include_path="/Applications/ti/ccs1250/ccs/tools/compiler/ti-cgt-arm_20.2.7.LTS/include" --include_path="/Applications/ti/ccs1250/ccs/ccs_base/arm/include" --include_path="/Applications/ti/ccs1250/ccs/ccs_base/arm/include/CMSIS" --advice:power=all --define=__MSP432P401R__ --define=TARGET_IS_MSP432P4XX --define=ccs -g --c99 --gcc --diag_warning=225 --diag_wrap=off --display_error_number --abi=eabi --preproc_with_compile --preproc_dependency="Lab09_SysTickmain.d_raw"  "../Lab09_SysTickmain.c"
"../Lab09_SysTickmain.c", line 125: remark #1527-D: (ULP 2.1) Detected SW delay loop using empty loop. Recommend using a timer module instead
Finished building: "../Lab09_SysTickmain.c"
 
gmake: Target 'all' not remade because of errors.

**** Build Finished ****

**** Build of configuration Debug for project Lab09_SysTick ****

/Applications/ti/ccs1250/ccs/utils/bin/gmake -k -j 11 all -O 
 
Building file: "/Users/adambrower/spring24/ece_1188/tirslk_max_1_00_00/inc/TExaS.c"
Invoking: ARM Compiler
"/Applications/ti/ccs1250/ccs/tools/compiler/ti-cgt-arm_20.2.7.LTS/bin/armcl" -mv7M4 --code_state=16 --float_support=FPv4SPD16 -me --include_path="/Applications/ti/ccs1250/ccs/tools/compiler/ti-cgt-arm_20.2.7.LTS/include" --include_path="/Applications/ti/ccs1250/ccs/ccs_base/arm/include" --include_path="/Applications/ti/ccs1250/ccs/ccs_base/arm/include/CMSIS" --advice:power=all --define=__MSP432P401R__ --define=TARGET_IS_MSP432P4XX --define=ccs -g --c99 --gcc --diag_warning=225 --diag_wrap=off --display_error_number --abi=eabi --preproc_with_compile --preproc_dependency="TExaS.d_raw"  "/Users/adambrower/spring24/ece_1188/tirslk_max_1_00_00/inc/TExaS.c"
"/Users/adambrower/spring24/ece_1188/tirslk_max_1_00_00/inc/TExaS.c", line 135: remark #1527-D: (ULP 2.1) Detected SW delay loop using empty loop. Recommend using a timer module instead
"/Users/adambrower/spring24/ece_1188/tirslk_max_1_00_00/inc/TExaS.c", line 294: remark #1527-D: (ULP 2.1) Detected SW delay loop using empty loop. Recommend using a timer module instead
"/Users/adambrower/spring24/ece_1188/tirslk_max_1_00_00/inc/TExaS.c", line 303: remark #1527-D: (ULP 2.1) Detected SW delay loop using empty loop. Recommend using a timer module instead
"/Users/adambrower/spring24/ece_1188/tirslk_max_1_00_00/inc/TExaS.c", line 425: remark #1527-D: (ULP 2.1) Detected SW delay loop using empty loop. Recommend using a timer module instead
"/Users/adambrower/spring24/ece_1188/tirslk_max_1_00_00/inc/TExaS.c", line 467: remark #1527-D: (ULP 2.1) Detected SW delay loop using empty loop. Recommend using a timer module instead
Finished building: "/Users/adambrower/spring24/ece_1188/tirslk_max_1_00_00/inc/TExaS.c"
 
Building target: "Lab09_SysTick.out"
Invoking: ARM Linker
"/Applications/ti/ccs1250/ccs/tools/compiler/ti-cgt-arm_20.2.7.LTS/bin/armcl" -mv7M4 --code_state=16 --float_support=FPv4SPD16 -me --advice:power=all --define=__MSP432P401R__ --define=TARGET_IS_MSP432P4XX --define=ccs -g --c99 --gcc --diag_warning=225 --diag_wrap=off --display_error_number --abi=eabi -z -m"Lab09_SysTick.map" --heap_size=1024 --stack_size=512 -i"/Applications/ti/ccs1250/ccs/ccs_base/arm/include" -i"/Applications/ti/ccs1250/ccs/ccs_base/arm/include" -i"/Applications/ti/ccs1250/ccs/tools/compiler/ti-cgt-arm_20.2.7.LTS/lib" -i"/Applications/ti/ccs1250/ccs/tools/compiler/ti-cgt-arm_20.2.7.LTS/include" --reread_libs --diag_wrap=off --display_error_number --warn_sections --xml_link_info="Lab09_SysTick_linkInfo.xml" --rom_model -o "Lab09_SysTick.out" "./Bump.obj" "./Clock.obj" "./CortexM.obj" "./Lab09_SysTickmain.obj" "./LaunchPad.obj" "./SysTick.obj" "./TExaS.obj" "./startup_msp432p401r_ccs.obj" "./system_msp432p401r.obj" "../msp432p401r.cmd"  -llibc.a 
<Linking>
remark #10371-D: (ULP 1.1) Detected no uses of low power mode state changing instructions
remark #10372-D: (ULP 4.1) Detected uninitialized Port 1 in this project. Recommend initializing all unused ports to eliminate wasted current consumption on unused pins.
remark #10372-D: (ULP 4.1) Detected uninitialized Port 2 in this project. Recommend initializing all unused ports to eliminate wasted current consumption on unused pins.
remark #10372-D: (ULP 4.1) Detected uninitialized Port 3 in this project. Recommend initializing all unused ports to eliminate wasted current consumption on unused pins.
remark #10372-D: (ULP 4.1) Detected uninitialized Port 4 in this project. Recommend initializing all unused ports to eliminate wasted current consumption on unused pins.
remark #10372-D: (ULP 4.1) Detected uninitialized Port 5 in this project. Recommend initializing all unused ports to eliminate wasted current consumption on unused pins.
remark #10372-D: (ULP 4.1) Detected uninitialized Port 6 in this project. Recommend initializing all unused ports to eliminate wasted current consumption on unused pins.
remark #10372-D: (ULP 4.1) Detected uninitialized Port 7 in this project. Recommend initializing all unused ports to eliminate wasted current consumption on unused pins.
remark #10372-D: (ULP 4.1) Detected uninitialized Port 8 in this project. Recommend initializing all unused ports to eliminate wasted current consumption on unused pins.
remark #10372-D: (ULP 4.1) Detected uninitialized Port 9 in this project. Recommend initializing all unused ports to eliminate wasted current consumption on unused pins.
remark #10372-D: (ULP 4.1) Detected uninitialized Port 10 in this project. Recommend initializing all unused ports to eliminate wasted current consumption on unused pins.
Finished building target: "Lab09_SysTick.out"
 

**** Build Finished ****

**** Build of configuration Debug for project Lab09_SysTick ****

/Applications/ti/ccs1250/ccs/utils/bin/gmake -k -j 11 all -O 
 
gmake[1]: 'Lab09_SysTick.out' is up to date.

**** Build Finished ****

**** Build of configuration Debug for project Lab09_SysTick ****

/Applications/ti/ccs1250/ccs/utils/bin/gmake -k -j 11 all -O 
 
Building file: "../Lab09_SysTickmain.c"
Invoking: ARM Compiler
"/Applications/ti/ccs1250/ccs/tools/compiler/ti-cgt-arm_20.2.7.LTS/bin/armcl" -mv7M4 --code_state=16 --float_support=FPv4SPD16 -me --include_path="/Applications/ti/ccs1250/ccs/tools/compiler/ti-cgt-arm_20.2.7.LTS/include" --include_path="/Applications/ti/ccs1250/ccs/ccs_base/arm/include" --include_path="/Applications/ti/ccs1250/ccs/ccs_base/arm/include/CMSIS" --advice:power=all --define=__MSP432P401R__ --define=TARGET_IS_MSP432P4XX --define=ccs -g --c99 --gcc --diag_warning=225 --diag_wrap=off --display_error_number --abi=eabi --preproc_with_compile --preproc_dependency="Lab09_SysTickmain.d_raw"  "../Lab09_SysTickmain.c"
"../Lab09_SysTickmain.c", line 89: remark #1527-D: (ULP 2.1) Detected SW delay loop using empty loop. Recommend using a timer module instead
"../Lab09_SysTickmain.c", line 89: remark #1527-D: (ULP 2.1) Detected SW delay loop using empty loop. Recommend using a timer module instead
"../Lab09_SysTickmain.c", line 134: remark #1527-D: (ULP 2.1) Detected SW delay loop using empty loop. Recommend using a timer module instead
Finished building: "../Lab09_SysTickmain.c"
 
Building target: "Lab09_SysTick.out"
Invoking: ARM Linker
"/Applications/ti/ccs1250/ccs/tools/compiler/ti-cgt-arm_20.2.7.LTS/bin/armcl" -mv7M4 --code_state=16 --float_support=FPv4SPD16 -me --advice:power=all --define=__MSP432P401R__ --define=TARGET_IS_MSP432P4XX --define=ccs -g --c99 --gcc --diag_warning=225 --diag_wrap=off --display_error_number --abi=eabi -z -m"Lab09_SysTick.map" --heap_size=1024 --stack_size=512 -i"/Applications/ti/ccs1250/ccs/ccs_base/arm/include" -i"/Applications/ti/ccs1250/ccs/ccs_base/arm/include" -i"/Applications/ti/ccs1250/ccs/tools/compiler/ti-cgt-arm_20.2.7.LTS/lib" -i"/Applications/ti/ccs1250/ccs/tools/compiler/ti-cgt-arm_20.2.7.LTS/include" --reread_libs --diag_wrap=off --display_error_number --warn_sections --xml_link_info="Lab09_SysTick_linkInfo.xml" --rom_model -o "Lab09_SysTick.out" "./Bump.obj" "./Clock.obj" "./CortexM.obj" "./Lab09_SysTickmain.obj" "./LaunchPad.obj" "./SysTick.obj" "./TExaS.obj" "./startup_msp432p401r_ccs.obj" "./system_msp432p401r.obj" "../msp432p401r.cmd"  -llibc.a 
<Linking>
remark #10371-D: (ULP 1.1) Detected no uses of low power mode state changing instructions
remark #10372-D: (ULP 4.1) Detected uninitialized Port 1 in this project. Recommend initializing all unused ports to eliminate wasted current consumption on unused pins.
remark #10372-D: (ULP 4.1) Detected uninitialized Port 2 in this project. Recommend initializing all unused ports to eliminate wasted current consumption on unused pins.
remark #10372-D: (ULP 4.1) Detected uninitialized Port 3 in this project. Recommend initializing all unused ports to eliminate wasted current consumption on unused pins.
remark #10372-D: (ULP 4.1) Detected uninitialized Port 4 in this project. Recommend initializing all unused ports to eliminate wasted current consumption on unused pins.
remark #10372-D: (ULP 4.1) Detected uninitialized Port 5 in this project. Recommend initializing all unused ports to eliminate wasted current consumption on unused pins.
remark #10372-D: (ULP 4.1) Detected uninitialized Port 6 in this project. Recommend initializing all unused ports to eliminate wasted current consumption on unused pins.
remark #10372-D: (ULP 4.1) Detected uninitialized Port 7 in this project. Recommend initializing all unused ports to eliminate wasted current consumption on unused pins.
remark #10372-D: (ULP 4.1) Detected uninitialized Port 8 in this project. Recommend initializing all unused ports to eliminate wasted current consumption on unused pins.
remark #10372-D: (ULP 4.1) Detected uninitialized Port 9 in this project. Recommend initializing all unused ports to eliminate wasted current consumption on unused pins.
remark #10372-D: (ULP 4.1) Detected uninitialized Port 10 in this project. Recommend initializing all unused ports to eliminate wasted current consumption on unused pins.
Finished building target: "Lab09_SysTick.out"
 

**** Build Finished ****

**** Clean-only build of configuration Debug for project Lab09_SysTick ****

/Applications/ti/ccs1250/ccs/utils/bin/gmake -k -j 11 clean -O 
 
rm -rf  "Lab09_SysTick.out" 
rm -rf "Bump.obj" "Clock.obj" "CortexM.obj" "Lab09_SysTickmain.obj" "LaunchPad.obj" "SysTick.obj" "TExaS.obj" "startup_msp432p401r_ccs.obj" "system_msp432p401r.obj" 
rm -rf "Bump.d" "Clock.d" "CortexM.d" "Lab09_SysTickmain.d" "LaunchPad.d" "SysTick.d" "TExaS.d" "startup_msp432p401r_ccs.d" "system_msp432p401r.d" 
Finished clean
 

**** Build Finished ****

**** Build of configuration Debug for project Lab09_SysTick ****

/Applications/ti/ccs1250/ccs/utils/bin/gmake -k -j 11 all -O 
 
Building file: "../Lab09_SysTickmain.c"
Invoking: ARM Compiler
"/Applications/ti/ccs1250/ccs/tools/compiler/ti-cgt-arm_20.2.7.LTS/bin/armcl" -mv7M4 --code_state=16 --float_support=FPv4SPD16 -me --include_path="/Applications/ti/ccs1250/ccs/tools/compiler/ti-cgt-arm_20.2.7.LTS/include" --include_path="/Applications/ti/ccs1250/ccs/ccs_base/arm/include" --include_path="/Applications/ti/ccs1250/ccs/ccs_base/arm/include/CMSIS" --advice:power=all --define=__MSP432P401R__ --define=TARGET_IS_MSP432P4XX --define=ccs -g --c99 --gcc --diag_warning=225 --diag_wrap=off --display_error_number --abi=eabi --preproc_with_compile --preproc_dependency="Lab09_SysTickmain.d_raw"  "../Lab09_SysTickmain.c"
 
>> Compilation failure
subdir_rules.mk:28: recipe for target 'Lab09_SysTickmain.obj' failed
"../Lab09_SysTickmain.c", line 89: remark #1527-D: (ULP 2.1) Detected SW delay loop using empty loop. Recommend using a timer module instead
"../Lab09_SysTickmain.c", line 89: remark #1527-D: (ULP 2.1) Detected SW delay loop using empty loop. Recommend using a timer module instead
"../Lab09_SysTickmain.c", line 108: error #45: expression must have pointer type
"../Lab09_SysTickmain.c", line 108: error #135: expected a field name
2 errors detected in the compilation of "../Lab09_SysTickmain.c".
gmake: *** [Lab09_SysTickmain.obj] Error 1
"/Users/adambrower/spring24/ece_1188/tirslk_max_1_00_00/inc/SysTick.c", line 71: remark #1527-D: (ULP 2.1) Detected SW delay loop using empty loop. Recommend using a timer module instead
"../system_msp432p401r.c", line 112: remark #2623-D: (ULP 5.4) Detected an assignment to a type with size less than int. To avoid unnecessary sign extension, use int-sized types for local varaibles and convert to smaller types for static storage.
"../system_msp432p401r.c", line 160: remark #2623-D: (ULP 5.4) Detected an assignment to a type with size less than int. To avoid unnecessary sign extension, use int-sized types for local varaibles and convert to smaller types for static storage.
"../system_msp432p401r.c", line 193: remark #2623-D: (ULP 5.4) Detected an assignment to a type with size less than int. To avoid unnecessary sign extension, use int-sized types for local varaibles and convert to smaller types for static storage.
"/Users/adambrower/spring24/ece_1188/tirslk_max_1_00_00/inc/TExaS.c", line 135: remark #1527-D: (ULP 2.1) Detected SW delay loop using empty loop. Recommend using a timer module instead
"/Users/adambrower/spring24/ece_1188/tirslk_max_1_00_00/inc/TExaS.c", line 294: remark #1527-D: (ULP 2.1) Detected SW delay loop using empty loop. Recommend using a timer module instead
"/Users/adambrower/spring24/ece_1188/tirslk_max_1_00_00/inc/TExaS.c", line 303: remark #1527-D: (ULP 2.1) Detected SW delay loop using empty loop. Recommend using a timer module instead
"/Users/adambrower/spring24/ece_1188/tirslk_max_1_00_00/inc/TExaS.c", line 425: remark #1527-D: (ULP 2.1) Detected SW delay loop using empty loop. Recommend using a timer module instead
"/Users/adambrower/spring24/ece_1188/tirslk_max_1_00_00/inc/TExaS.c", line 467: remark #1527-D: (ULP 2.1) Detected SW delay loop using empty loop. Recommend using a timer module instead
Building file: "../startup_msp432p401r_ccs.c"
Invoking: ARM Compiler
"/Applications/ti/ccs1250/ccs/tools/compiler/ti-cgt-arm_20.2.7.LTS/bin/armcl" -mv7M4 --code_state=16 --float_support=FPv4SPD16 -me --include_path="/Applications/ti/ccs1250/ccs/tools/compiler/ti-cgt-arm_20.2.7.LTS/include" --include_path="/Applications/ti/ccs1250/ccs/ccs_base/arm/include" --include_path="/Applications/ti/ccs1250/ccs/ccs_base/arm/include/CMSIS" --advice:power=all --define=__MSP432P401R__ --define=TARGET_IS_MSP432P4XX --define=ccs -g --c99 --gcc --diag_warning=225 --diag_wrap=off --display_error_number --abi=eabi --preproc_with_compile --preproc_dependency="startup_msp432p401r_ccs.d_raw"  "../startup_msp432p401r_ccs.c"
Finished building: "../startup_msp432p401r_ccs.c"
 
Building file: "/Users/adambrower/spring24/ece_1188/tirslk_max_1_00_00/inc/CortexM.c"
Invoking: ARM Compiler
"/Applications/ti/ccs1250/ccs/tools/compiler/ti-cgt-arm_20.2.7.LTS/bin/armcl" -mv7M4 --code_state=16 --float_support=FPv4SPD16 -me --include_path="/Applications/ti/ccs1250/ccs/tools/compiler/ti-cgt-arm_20.2.7.LTS/include" --include_path="/Applications/ti/ccs1250/ccs/ccs_base/arm/include" --include_path="/Applications/ti/ccs1250/ccs/ccs_base/arm/include/CMSIS" --advice:power=all --define=__MSP432P401R__ --define=TARGET_IS_MSP432P4XX --define=ccs -g --c99 --gcc --diag_warning=225 --diag_wrap=off --display_error_number --abi=eabi --preproc_with_compile --preproc_dependency="CortexM.d_raw"  "/Users/adambrower/spring24/ece_1188/tirslk_max_1_00_00/inc/CortexM.c"
Finished building: "/Users/adambrower/spring24/ece_1188/tirslk_max_1_00_00/inc/CortexM.c"
 
Building file: "/Users/adambrower/spring24/ece_1188/tirslk_max_1_00_00/inc/Bump.c"
Invoking: ARM Compiler
"/Applications/ti/ccs1250/ccs/tools/compiler/ti-cgt-arm_20.2.7.LTS/bin/armcl" -mv7M4 --code_state=16 --float_support=FPv4SPD16 -me --include_path="/Applications/ti/ccs1250/ccs/tools/compiler/ti-cgt-arm_20.2.7.LTS/include" --include_path="/Applications/ti/ccs1250/ccs/ccs_base/arm/include" --include_path="/Applications/ti/ccs1250/ccs/ccs_base/arm/include/CMSIS" --advice:power=all --define=__MSP432P401R__ --define=TARGET_IS_MSP432P4XX --define=ccs -g --c99 --gcc --diag_warning=225 --diag_wrap=off --display_error_number --abi=eabi --preproc_with_compile --preproc_dependency="Bump.d_raw"  "/Users/adambrower/spring24/ece_1188/tirslk_max_1_00_00/inc/Bump.c"
Finished building: "/Users/adambrower/spring24/ece_1188/tirslk_max_1_00_00/inc/Bump.c"
 
Building file: "/Users/adambrower/spring24/ece_1188/tirslk_max_1_00_00/inc/Clock.c"
Invoking: ARM Compiler
"/Applications/ti/ccs1250/ccs/tools/compiler/ti-cgt-arm_20.2.7.LTS/bin/armcl" -mv7M4 --code_state=16 --float_support=FPv4SPD16 -me --include_path="/Applications/ti/ccs1250/ccs/tools/compiler/ti-cgt-arm_20.2.7.LTS/include" --include_path="/Applications/ti/ccs1250/ccs/ccs_base/arm/include" --include_path="/Applications/ti/ccs1250/ccs/ccs_base/arm/include/CMSIS" --advice:power=all --define=__MSP432P401R__ --define=TARGET_IS_MSP432P4XX --define=ccs -g --c99 --gcc --diag_warning=225 --diag_wrap=off --display_error_number --abi=eabi --preproc_with_compile --preproc_dependency="Clock.d_raw"  "/Users/adambrower/spring24/ece_1188/tirslk_max_1_00_00/inc/Clock.c"
Finished building: "/Users/adambrower/spring24/ece_1188/tirslk_max_1_00_00/inc/Clock.c"
 
Building file: "/Users/adambrower/spring24/ece_1188/tirslk_max_1_00_00/inc/SysTick.c"
Invoking: ARM Compiler
"/Applications/ti/ccs1250/ccs/tools/compiler/ti-cgt-arm_20.2.7.LTS/bin/armcl" -mv7M4 --code_state=16 --float_support=FPv4SPD16 -me --include_path="/Applications/ti/ccs1250/ccs/tools/compiler/ti-cgt-arm_20.2.7.LTS/include" --include_path="/Applications/ti/ccs1250/ccs/ccs_base/arm/include" --include_path="/Applications/ti/ccs1250/ccs/ccs_base/arm/include/CMSIS" --advice:power=all --define=__MSP432P401R__ --define=TARGET_IS_MSP432P4XX --define=ccs -g --c99 --gcc --diag_warning=225 --diag_wrap=off --display_error_number --abi=eabi --preproc_with_compile --preproc_dependency="SysTick.d_raw"  "/Users/adambrower/spring24/ece_1188/tirslk_max_1_00_00/inc/SysTick.c"
Finished building: "/Users/adambrower/spring24/ece_1188/tirslk_max_1_00_00/inc/SysTick.c"
 
Building file: "/Users/adambrower/spring24/ece_1188/tirslk_max_1_00_00/inc/LaunchPad.c"
Invoking: ARM Compiler
"/Applications/ti/ccs1250/ccs/tools/compiler/ti-cgt-arm_20.2.7.LTS/bin/armcl" -mv7M4 --code_state=16 --float_support=FPv4SPD16 -me --include_path="/Applications/ti/ccs1250/ccs/tools/compiler/ti-cgt-arm_20.2.7.LTS/include" --include_path="/Applications/ti/ccs1250/ccs/ccs_base/arm/include" --include_path="/Applications/ti/ccs1250/ccs/ccs_base/arm/include/CMSIS" --advice:power=all --define=__MSP432P401R__ --define=TARGET_IS_MSP432P4XX --define=ccs -g --c99 --gcc --diag_warning=225 --diag_wrap=off --display_error_number --abi=eabi --preproc_with_compile --preproc_dependency="LaunchPad.d_raw"  "/Users/adambrower/spring24/ece_1188/tirslk_max_1_00_00/inc/LaunchPad.c"
Finished building: "/Users/adambrower/spring24/ece_1188/tirslk_max_1_00_00/inc/LaunchPad.c"
 
Building file: "../system_msp432p401r.c"
Invoking: ARM Compiler
"/Applications/ti/ccs1250/ccs/tools/compiler/ti-cgt-arm_20.2.7.LTS/bin/armcl" -mv7M4 --code_state=16 --float_support=FPv4SPD16 -me --include_path="/Applications/ti/ccs1250/ccs/tools/compiler/ti-cgt-arm_20.2.7.LTS/include" --include_path="/Applications/ti/ccs1250/ccs/ccs_base/arm/include" --include_path="/Applications/ti/ccs1250/ccs/ccs_base/arm/include/CMSIS" --advice:power=all --define=__MSP432P401R__ --define=TARGET_IS_MSP432P4XX --define=ccs -g --c99 --gcc --diag_warning=225 --diag_wrap=off --display_error_number --abi=eabi --preproc_with_compile --preproc_dependency="system_msp432p401r.d_raw"  "../system_msp432p401r.c"
Finished building: "../system_msp432p401r.c"
 
Building file: "/Users/adambrower/spring24/ece_1188/tirslk_max_1_00_00/inc/TExaS.c"
Invoking: ARM Compiler
"/Applications/ti/ccs1250/ccs/tools/compiler/ti-cgt-arm_20.2.7.LTS/bin/armcl" -mv7M4 --code_state=16 --float_support=FPv4SPD16 -me --include_path="/Applications/ti/ccs1250/ccs/tools/compiler/ti-cgt-arm_20.2.7.LTS/include" --include_path="/Applications/ti/ccs1250/ccs/ccs_base/arm/include" --include_path="/Applications/ti/ccs1250/ccs/ccs_base/arm/include/CMSIS" --advice:power=all --define=__MSP432P401R__ --define=TARGET_IS_MSP432P4XX --define=ccs -g --c99 --gcc --diag_warning=225 --diag_wrap=off --display_error_number --abi=eabi --preproc_with_compile --preproc_dependency="TExaS.d_raw"  "/Users/adambrower/spring24/ece_1188/tirslk_max_1_00_00/inc/TExaS.c"
Finished building: "/Users/adambrower/spring24/ece_1188/tirslk_max_1_00_00/inc/TExaS.c"
 
gmake: Target 'all' not remade because of errors.

**** Build Finished ****

**** Build of configuration Debug for project Lab09_SysTick ****

/Applications/ti/ccs1250/ccs/utils/bin/gmake -k -j 11 all -O 
 
Building file: "../Lab09_SysTickmain.c"
Invoking: ARM Compiler
"/Applications/ti/ccs1250/ccs/tools/compiler/ti-cgt-arm_20.2.7.LTS/bin/armcl" -mv7M4 --code_state=16 --float_support=FPv4SPD16 -me --include_path="/Applications/ti/ccs1250/ccs/tools/compiler/ti-cgt-arm_20.2.7.LTS/include" --include_path="/Applications/ti/ccs1250/ccs/ccs_base/arm/include" --include_path="/Applications/ti/ccs1250/ccs/ccs_base/arm/include/CMSIS" --advice:power=all --define=__MSP432P401R__ --define=TARGET_IS_MSP432P4XX --define=ccs -g --c99 --gcc --diag_warning=225 --diag_wrap=off --display_error_number --abi=eabi --preproc_with_compile --preproc_dependency="Lab09_SysTickmain.d_raw"  "../Lab09_SysTickmain.c"
"../Lab09_SysTickmain.c", line 89: remark #1527-D: (ULP 2.1) Detected SW delay loop using empty loop. Recommend using a timer module instead
"../Lab09_SysTickmain.c", line 89: remark #1527-D: (ULP 2.1) Detected SW delay loop using empty loop. Recommend using a timer module instead
Finished building: "../Lab09_SysTickmain.c"
 
Building target: "Lab09_SysTick.out"
Invoking: ARM Linker
"/Applications/ti/ccs1250/ccs/tools/compiler/ti-cgt-arm_20.2.7.LTS/bin/armcl" -mv7M4 --code_state=16 --float_support=FPv4SPD16 -me --advice:power=all --define=__MSP432P401R__ --define=TARGET_IS_MSP432P4XX --define=ccs -g --c99 --gcc --diag_warning=225 --diag_wrap=off --display_error_number --abi=eabi -z -m"Lab09_SysTick.map" --heap_size=1024 --stack_size=512 -i"/Applications/ti/ccs1250/ccs/ccs_base/arm/include" -i"/Applications/ti/ccs1250/ccs/ccs_base/arm/include" -i"/Applications/ti/ccs1250/ccs/tools/compiler/ti-cgt-arm_20.2.7.LTS/lib" -i"/Applications/ti/ccs1250/ccs/tools/compiler/ti-cgt-arm_20.2.7.LTS/include" --reread_libs --diag_wrap=off --display_error_number --warn_sections --xml_link_info="Lab09_SysTick_linkInfo.xml" --rom_model -o "Lab09_SysTick.out" "./Bump.obj" "./Clock.obj" "./CortexM.obj" "./Lab09_SysTickmain.obj" "./LaunchPad.obj" "./SysTick.obj" "./TExaS.obj" "./startup_msp432p401r_ccs.obj" "./system_msp432p401r.obj" "../msp432p401r.cmd"  -llibc.a 
<Linking>
remark #10371-D: (ULP 1.1) Detected no uses of low power mode state changing instructions
remark #10372-D: (ULP 4.1) Detected uninitialized Port 1 in this project. Recommend initializing all unused ports to eliminate wasted current consumption on unused pins.
remark #10372-D: (ULP 4.1) Detected uninitialized Port 2 in this project. Recommend initializing all unused ports to eliminate wasted current consumption on unused pins.
remark #10372-D: (ULP 4.1) Detected uninitialized Port 3 in this project. Recommend initializing all unused ports to eliminate wasted current consumption on unused pins.
remark #10372-D: (ULP 4.1) Detected uninitialized Port 4 in this project. Recommend initializing all unused ports to eliminate wasted current consumption on unused pins.
remark #10372-D: (ULP 4.1) Detected uninitialized Port 5 in this project. Recommend initializing all unused ports to eliminate wasted current consumption on unused pins.
remark #10372-D: (ULP 4.1) Detected uninitialized Port 6 in this project. Recommend initializing all unused ports to eliminate wasted current consumption on unused pins.
remark #10372-D: (ULP 4.1) Detected uninitialized Port 7 in this project. Recommend initializing all unused ports to eliminate wasted current consumption on unused pins.
remark #10372-D: (ULP 4.1) Detected uninitialized Port 8 in this project. Recommend initializing all unused ports to eliminate wasted current consumption on unused pins.
remark #10372-D: (ULP 4.1) Detected uninitialized Port 9 in this project. Recommend initializing all unused ports to eliminate wasted current consumption on unused pins.
remark #10372-D: (ULP 4.1) Detected uninitialized Port 10 in this project. Recommend initializing all unused ports to eliminate wasted current consumption on unused pins.
Finished building target: "Lab09_SysTick.out"
 

**** Build Finished ****

**** Build of configuration Debug for project Lab09_SysTick ****

/Applications/ti/ccs1250/ccs/utils/bin/gmake -k -j 11 all -O 
 
gmake[1]: 'Lab09_SysTick.out' is up to date.

**** Build Finished ****

**** Build of configuration Debug for project Lab09_SysTick ****

/Applications/ti/ccs1250/ccs/utils/bin/gmake -k -j 11 all -O 
 
gmake[1]: 'Lab09_SysTick.out' is up to date.

**** Build Finished ****

**** Build of configuration Debug for project Lab09_SysTick ****

/Applications/ti/ccs1250/ccs/utils/bin/gmake -k -j 11 all -O 
 
Building file: "../Lab09_SysTickmain.c"
Invoking: ARM Compiler
"/Applications/ti/ccs1250/ccs/tools/compiler/ti-cgt-arm_20.2.7.LTS/bin/armcl" -mv7M4 --code_state=16 --float_support=FPv4SPD16 -me --include_path="/Applications/ti/ccs1250/ccs/tools/compiler/ti-cgt-arm_20.2.7.LTS/include" --include_path="/Applications/ti/ccs1250/ccs/ccs_base/arm/include" --include_path="/Applications/ti/ccs1250/ccs/ccs_base/arm/include/CMSIS" --advice:power=all --define=__MSP432P401R__ --define=TARGET_IS_MSP432P4XX --define=ccs -g --c99 --gcc --diag_warning=225 --diag_wrap=off --display_error_number --abi=eabi --preproc_with_compile --preproc_dependency="Lab09_SysTickmain.d_raw"  "../Lab09_SysTickmain.c"
"../Lab09_SysTickmain.c", line 89: remark #1527-D: (ULP 2.1) Detected SW delay loop using empty loop. Recommend using a timer module instead
"../Lab09_SysTickmain.c", line 89: remark #1527-D: (ULP 2.1) Detected SW delay loop using empty loop. Recommend using a timer module instead
Finished building: "../Lab09_SysTickmain.c"
 
Building target: "Lab09_SysTick.out"
Invoking: ARM Linker
"/Applications/ti/ccs1250/ccs/tools/compiler/ti-cgt-arm_20.2.7.LTS/bin/armcl" -mv7M4 --code_state=16 --float_support=FPv4SPD16 -me --advice:power=all --define=__MSP432P401R__ --define=TARGET_IS_MSP432P4XX --define=ccs -g --c99 --gcc --diag_warning=225 --diag_wrap=off --display_error_number --abi=eabi -z -m"Lab09_SysTick.map" --heap_size=1024 --stack_size=512 -i"/Applications/ti/ccs1250/ccs/ccs_base/arm/include" -i"/Applications/ti/ccs1250/ccs/ccs_base/arm/include" -i"/Applications/ti/ccs1250/ccs/tools/compiler/ti-cgt-arm_20.2.7.LTS/lib" -i"/Applications/ti/ccs1250/ccs/tools/compiler/ti-cgt-arm_20.2.7.LTS/include" --reread_libs --diag_wrap=off --display_error_number --warn_sections --xml_link_info="Lab09_SysTick_linkInfo.xml" --rom_model -o "Lab09_SysTick.out" "./Bump.obj" "./Clock.obj" "./CortexM.obj" "./Lab09_SysTickmain.obj" "./LaunchPad.obj" "./SysTick.obj" "./TExaS.obj" "./startup_msp432p401r_ccs.obj" "./system_msp432p401r.obj" "../msp432p401r.cmd"  -llibc.a 
<Linking>
remark #10371-D: (ULP 1.1) Detected no uses of low power mode state changing instructions
remark #10372-D: (ULP 4.1) Detected uninitialized Port 1 in this project. Recommend initializing all unused ports to eliminate wasted current consumption on unused pins.
remark #10372-D: (ULP 4.1) Detected uninitialized Port 2 in this project. Recommend initializing all unused ports to eliminate wasted current consumption on unused pins.
remark #10372-D: (ULP 4.1) Detected uninitialized Port 3 in this project. Recommend initializing all unused ports to eliminate wasted current consumption on unused pins.
remark #10372-D: (ULP 4.1) Detected uninitialized Port 4 in this project. Recommend initializing all unused ports to eliminate wasted current consumption on unused pins.
remark #10372-D: (ULP 4.1) Detected uninitialized Port 5 in this project. Recommend initializing all unused ports to eliminate wasted current consumption on unused pins.
remark #10372-D: (ULP 4.1) Detected uninitialized Port 6 in this project. Recommend initializing all unused ports to eliminate wasted current consumption on unused pins.
remark #10372-D: (ULP 4.1) Detected uninitialized Port 7 in this project. Recommend initializing all unused ports to eliminate wasted current consumption on unused pins.
remark #10372-D: (ULP 4.1) Detected uninitialized Port 8 in this project. Recommend initializing all unused ports to eliminate wasted current consumption on unused pins.
remark #10372-D: (ULP 4.1) Detected uninitialized Port 9 in this project. Recommend initializing all unused ports to eliminate wasted current consumption on unused pins.
remark #10372-D: (ULP 4.1) Detected uninitialized Port 10 in this project. Recommend initializing all unused ports to eliminate wasted current consumption on unused pins.
Finished building target: "Lab09_SysTick.out"
 

**** Build Finished ****

**** Build of configuration Debug for project Lab09_SysTick ****

/Applications/ti/ccs1250/ccs/utils/bin/gmake -k -j 11 all -O 
 
gmake[1]: 'Lab09_SysTick.out' is up to date.

**** Build Finished ****

**** Build of configuration Debug for project Lab09_SysTick ****

/Applications/ti/ccs1250/ccs/utils/bin/gmake -k -j 11 all -O 
 
Building file: "../Lab09_SysTickmain.c"
Invoking: ARM Compiler
"/Applications/ti/ccs1250/ccs/tools/compiler/ti-cgt-arm_20.2.7.LTS/bin/armcl" -mv7M4 --code_state=16 --float_support=FPv4SPD16 -me --include_path="/Applications/ti/ccs1250/ccs/tools/compiler/ti-cgt-arm_20.2.7.LTS/include" --include_path="/Applications/ti/ccs1250/ccs/ccs_base/arm/include" --include_path="/Applications/ti/ccs1250/ccs/ccs_base/arm/include/CMSIS" --advice:power=all --define=__MSP432P401R__ --define=TARGET_IS_MSP432P4XX --define=ccs -g --c99 --gcc --diag_warning=225 --diag_wrap=off --display_error_number --abi=eabi --preproc_with_compile --preproc_dependency="Lab09_SysTickmain.d_raw"  "../Lab09_SysTickmain.c"
"../Lab09_SysTickmain.c", line 89: remark #1527-D: (ULP 2.1) Detected SW delay loop using empty loop. Recommend using a timer module instead
"../Lab09_SysTickmain.c", line 89: remark #1527-D: (ULP 2.1) Detected SW delay loop using empty loop. Recommend using a timer module instead
Finished building: "../Lab09_SysTickmain.c"
 
Building target: "Lab09_SysTick.out"
Invoking: ARM Linker
"/Applications/ti/ccs1250/ccs/tools/compiler/ti-cgt-arm_20.2.7.LTS/bin/armcl" -mv7M4 --code_state=16 --float_support=FPv4SPD16 -me --advice:power=all --define=__MSP432P401R__ --define=TARGET_IS_MSP432P4XX --define=ccs -g --c99 --gcc --diag_warning=225 --diag_wrap=off --display_error_number --abi=eabi -z -m"Lab09_SysTick.map" --heap_size=1024 --stack_size=512 -i"/Applications/ti/ccs1250/ccs/ccs_base/arm/include" -i"/Applications/ti/ccs1250/ccs/ccs_base/arm/include" -i"/Applications/ti/ccs1250/ccs/tools/compiler/ti-cgt-arm_20.2.7.LTS/lib" -i"/Applications/ti/ccs1250/ccs/tools/compiler/ti-cgt-arm_20.2.7.LTS/include" --reread_libs --diag_wrap=off --display_error_number --warn_sections --xml_link_info="Lab09_SysTick_linkInfo.xml" --rom_model -o "Lab09_SysTick.out" "./Bump.obj" "./Clock.obj" "./CortexM.obj" "./Lab09_SysTickmain.obj" "./LaunchPad.obj" "./SysTick.obj" "./TExaS.obj" "./startup_msp432p401r_ccs.obj" "./system_msp432p401r.obj" "../msp432p401r.cmd"  -llibc.a 
<Linking>
remark #10371-D: (ULP 1.1) Detected no uses of low power mode state changing instructions
remark #10372-D: (ULP 4.1) Detected uninitialized Port 1 in this project. Recommend initializing all unused ports to eliminate wasted current consumption on unused pins.
remark #10372-D: (ULP 4.1) Detected uninitialized Port 2 in this project. Recommend initializing all unused ports to eliminate wasted current consumption on unused pins.
remark #10372-D: (ULP 4.1) Detected uninitialized Port 3 in this project. Recommend initializing all unused ports to eliminate wasted current consumption on unused pins.
remark #10372-D: (ULP 4.1) Detected uninitialized Port 4 in this project. Recommend initializing all unused ports to eliminate wasted current consumption on unused pins.
remark #10372-D: (ULP 4.1) Detected uninitialized Port 5 in this project. Recommend initializing all unused ports to eliminate wasted current consumption on unused pins.
remark #10372-D: (ULP 4.1) Detected uninitialized Port 6 in this project. Recommend initializing all unused ports to eliminate wasted current consumption on unused pins.
remark #10372-D: (ULP 4.1) Detected uninitialized Port 7 in this project. Recommend initializing all unused ports to eliminate wasted current consumption on unused pins.
remark #10372-D: (ULP 4.1) Detected uninitialized Port 8 in this project. Recommend initializing all unused ports to eliminate wasted current consumption on unused pins.
remark #10372-D: (ULP 4.1) Detected uninitialized Port 9 in this project. Recommend initializing all unused ports to eliminate wasted current consumption on unused pins.
remark #10372-D: (ULP 4.1) Detected uninitialized Port 10 in this project. Recommend initializing all unused ports to eliminate wasted current consumption on unused pins.
Finished building target: "Lab09_SysTick.out"
 

**** Build Finished ****

**** Build of configuration Debug for project Lab09_SysTick ****

/Applications/ti/ccs1250/ccs/utils/bin/gmake -k -j 11 all -O 
 
gmake[1]: 'Lab09_SysTick.out' is up to date.

**** Build Finished ****

**** Build of configuration Debug for project Lab09_SysTick ****

/Applications/ti/ccs1250/ccs/utils/bin/gmake -k -j 11 all -O 
 
Building file: "../Lab09_SysTickmain.c"
Invoking: ARM Compiler
"/Applications/ti/ccs1250/ccs/tools/compiler/ti-cgt-arm_20.2.7.LTS/bin/armcl" -mv7M4 --code_state=16 --float_support=FPv4SPD16 -me --include_path="/Applications/ti/ccs1250/ccs/tools/compiler/ti-cgt-arm_20.2.7.LTS/include" --include_path="/Applications/ti/ccs1250/ccs/ccs_base/arm/include" --include_path="/Applications/ti/ccs1250/ccs/ccs_base/arm/include/CMSIS" --advice:power=all --define=__MSP432P401R__ --define=TARGET_IS_MSP432P4XX --define=ccs -g --c99 --gcc --diag_warning=225 --diag_wrap=off --display_error_number --abi=eabi --preproc_with_compile --preproc_dependency="Lab09_SysTickmain.d_raw"  "../Lab09_SysTickmain.c"
 
>> Compilation failure
subdir_rules.mk:28: recipe for target 'Lab09_SysTickmain.obj' failed
"../Lab09_SysTickmain.c", line 89: remark #1527-D: (ULP 2.1) Detected SW delay loop using empty loop. Recommend using a timer module instead
"../Lab09_SysTickmain.c", line 89: remark #1527-D: (ULP 2.1) Detected SW delay loop using empty loop. Recommend using a timer module instead
"../Lab09_SysTickmain.c", line 122: error #20: identifier "PulseBuff" is undefined
1 error detected in the compilation of "../Lab09_SysTickmain.c".
gmake: *** [Lab09_SysTickmain.obj] Error 1
gmake: Target 'all' not remade because of errors.

**** Build Finished ****

**** Build of configuration Debug for project Lab09_SysTick ****

/Applications/ti/ccs1250/ccs/utils/bin/gmake -k -j 11 all -O 
 
Building file: "../Lab09_SysTickmain.c"
Invoking: ARM Compiler
"/Applications/ti/ccs1250/ccs/tools/compiler/ti-cgt-arm_20.2.7.LTS/bin/armcl" -mv7M4 --code_state=16 --float_support=FPv4SPD16 -me --include_path="/Applications/ti/ccs1250/ccs/tools/compiler/ti-cgt-arm_20.2.7.LTS/include" --include_path="/Applications/ti/ccs1250/ccs/ccs_base/arm/include" --include_path="/Applications/ti/ccs1250/ccs/ccs_base/arm/include/CMSIS" --advice:power=all --define=__MSP432P401R__ --define=TARGET_IS_MSP432P4XX --define=ccs -g --c99 --gcc --diag_warning=225 --diag_wrap=off --display_error_number --abi=eabi --preproc_with_compile --preproc_dependency="Lab09_SysTickmain.d_raw"  "../Lab09_SysTickmain.c"
"../Lab09_SysTickmain.c", line 89: remark #1527-D: (ULP 2.1) Detected SW delay loop using empty loop. Recommend using a timer module instead
"../Lab09_SysTickmain.c", line 89: remark #1527-D: (ULP 2.1) Detected SW delay loop using empty loop. Recommend using a timer module instead
Finished building: "../Lab09_SysTickmain.c"
 
Building target: "Lab09_SysTick.out"
Invoking: ARM Linker
"/Applications/ti/ccs1250/ccs/tools/compiler/ti-cgt-arm_20.2.7.LTS/bin/armcl" -mv7M4 --code_state=16 --float_support=FPv4SPD16 -me --advice:power=all --define=__MSP432P401R__ --define=TARGET_IS_MSP432P4XX --define=ccs -g --c99 --gcc --diag_warning=225 --diag_wrap=off --display_error_number --abi=eabi -z -m"Lab09_SysTick.map" --heap_size=1024 --stack_size=512 -i"/Applications/ti/ccs1250/ccs/ccs_base/arm/include" -i"/Applications/ti/ccs1250/ccs/ccs_base/arm/include" -i"/Applications/ti/ccs1250/ccs/tools/compiler/ti-cgt-arm_20.2.7.LTS/lib" -i"/Applications/ti/ccs1250/ccs/tools/compiler/ti-cgt-arm_20.2.7.LTS/include" --reread_libs --diag_wrap=off --display_error_number --warn_sections --xml_link_info="Lab09_SysTick_linkInfo.xml" --rom_model -o "Lab09_SysTick.out" "./Bump.obj" "./Clock.obj" "./CortexM.obj" "./Lab09_SysTickmain.obj" "./LaunchPad.obj" "./SysTick.obj" "./TExaS.obj" "./startup_msp432p401r_ccs.obj" "./system_msp432p401r.obj" "../msp432p401r.cmd"  -llibc.a 
<Linking>
remark #10371-D: (ULP 1.1) Detected no uses of low power mode state changing instructions
remark #10372-D: (ULP 4.1) Detected uninitialized Port 1 in this project. Recommend initializing all unused ports to eliminate wasted current consumption on unused pins.
remark #10372-D: (ULP 4.1) Detected uninitialized Port 2 in this project. Recommend initializing all unused ports to eliminate wasted current consumption on unused pins.
remark #10372-D: (ULP 4.1) Detected uninitialized Port 3 in this project. Recommend initializing all unused ports to eliminate wasted current consumption on unused pins.
remark #10372-D: (ULP 4.1) Detected uninitialized Port 4 in this project. Recommend initializing all unused ports to eliminate wasted current consumption on unused pins.
remark #10372-D: (ULP 4.1) Detected uninitialized Port 5 in this project. Recommend initializing all unused ports to eliminate wasted current consumption on unused pins.
remark #10372-D: (ULP 4.1) Detected uninitialized Port 6 in this project. Recommend initializing all unused ports to eliminate wasted current consumption on unused pins.
remark #10372-D: (ULP 4.1) Detected uninitialized Port 7 in this project. Recommend initializing all unused ports to eliminate wasted current consumption on unused pins.
remark #10372-D: (ULP 4.1) Detected uninitialized Port 8 in this project. Recommend initializing all unused ports to eliminate wasted current consumption on unused pins.
remark #10372-D: (ULP 4.1) Detected uninitialized Port 9 in this project. Recommend initializing all unused ports to eliminate wasted current consumption on unused pins.
remark #10372-D: (ULP 4.1) Detected uninitialized Port 10 in this project. Recommend initializing all unused ports to eliminate wasted current consumption on unused pins.
Finished building target: "Lab09_SysTick.out"
 

**** Build Finished ****

**** Build of configuration Debug for project Lab09_SysTick ****

/Applications/ti/ccs1250/ccs/utils/bin/gmake -k -j 11 all -O 
 
gmake[1]: 'Lab09_SysTick.out' is up to date.

**** Build Finished ****

**** Build of configuration Debug for project Lab09_SysTick ****

/Applications/ti/ccs1250/ccs/utils/bin/gmake -k -j 11 all -O 
 
Building file: "../Lab09_SysTickmain.c"
Invoking: ARM Compiler
"/Applications/ti/ccs1250/ccs/tools/compiler/ti-cgt-arm_20.2.7.LTS/bin/armcl" -mv7M4 --code_state=16 --float_support=FPv4SPD16 -me --include_path="/Applications/ti/ccs1250/ccs/tools/compiler/ti-cgt-arm_20.2.7.LTS/include" --include_path="/Applications/ti/ccs1250/ccs/ccs_base/arm/include" --include_path="/Applications/ti/ccs1250/ccs/ccs_base/arm/include/CMSIS" --advice:power=all --define=__MSP432P401R__ --define=TARGET_IS_MSP432P4XX --define=ccs -g --c99 --gcc --diag_warning=225 --diag_wrap=off --display_error_number --abi=eabi --preproc_with_compile --preproc_dependency="Lab09_SysTickmain.d_raw"  "../Lab09_SysTickmain.c"
 
>> Compilation failure
subdir_rules.mk:28: recipe for target 'Lab09_SysTickmain.obj' failed
"../Lab09_SysTickmain.c", line 89: remark #1527-D: (ULP 2.1) Detected SW delay loop using empty loop. Recommend using a timer module instead
"../Lab09_SysTickmain.c", line 89: remark #1527-D: (ULP 2.1) Detected SW delay loop using empty loop. Recommend using a timer module instead
"../Lab09_SysTickmain.c", line 153: error #141: too many arguments in function call
1 error detected in the compilation of "../Lab09_SysTickmain.c".
gmake: *** [Lab09_SysTickmain.obj] Error 1
gmake: Target 'all' not remade because of errors.

**** Build Finished ****

**** Build of configuration Debug for project Lab09_SysTick ****

/Applications/ti/ccs1250/ccs/utils/bin/gmake -k -j 11 all -O 
 
Building file: "../Lab09_SysTickmain.c"
Invoking: ARM Compiler
"/Applications/ti/ccs1250/ccs/tools/compiler/ti-cgt-arm_20.2.7.LTS/bin/armcl" -mv7M4 --code_state=16 --float_support=FPv4SPD16 -me --include_path="/Applications/ti/ccs1250/ccs/tools/compiler/ti-cgt-arm_20.2.7.LTS/include" --include_path="/Applications/ti/ccs1250/ccs/ccs_base/arm/include" --include_path="/Applications/ti/ccs1250/ccs/ccs_base/arm/include/CMSIS" --advice:power=all --define=__MSP432P401R__ --define=TARGET_IS_MSP432P4XX --define=ccs -g --c99 --gcc --diag_warning=225 --diag_wrap=off --display_error_number --abi=eabi --preproc_with_compile --preproc_dependency="Lab09_SysTickmain.d_raw"  "../Lab09_SysTickmain.c"
"../Lab09_SysTickmain.c", line 89: remark #1527-D: (ULP 2.1) Detected SW delay loop using empty loop. Recommend using a timer module instead
"../Lab09_SysTickmain.c", line 89: remark #1527-D: (ULP 2.1) Detected SW delay loop using empty loop. Recommend using a timer module instead
Finished building: "../Lab09_SysTickmain.c"
 
Building target: "Lab09_SysTick.out"
Invoking: ARM Linker
"/Applications/ti/ccs1250/ccs/tools/compiler/ti-cgt-arm_20.2.7.LTS/bin/armcl" -mv7M4 --code_state=16 --float_support=FPv4SPD16 -me --advice:power=all --define=__MSP432P401R__ --define=TARGET_IS_MSP432P4XX --define=ccs -g --c99 --gcc --diag_warning=225 --diag_wrap=off --display_error_number --abi=eabi -z -m"Lab09_SysTick.map" --heap_size=1024 --stack_size=512 -i"/Applications/ti/ccs1250/ccs/ccs_base/arm/include" -i"/Applications/ti/ccs1250/ccs/ccs_base/arm/include" -i"/Applications/ti/ccs1250/ccs/tools/compiler/ti-cgt-arm_20.2.7.LTS/lib" -i"/Applications/ti/ccs1250/ccs/tools/compiler/ti-cgt-arm_20.2.7.LTS/include" --reread_libs --diag_wrap=off --display_error_number --warn_sections --xml_link_info="Lab09_SysTick_linkInfo.xml" --rom_model -o "Lab09_SysTick.out" "./Bump.obj" "./Clock.obj" "./CortexM.obj" "./Lab09_SysTickmain.obj" "./LaunchPad.obj" "./SysTick.obj" "./TExaS.obj" "./startup_msp432p401r_ccs.obj" "./system_msp432p401r.obj" "../msp432p401r.cmd"  -llibc.a 
<Linking>
remark #10371-D: (ULP 1.1) Detected no uses of low power mode state changing instructions
remark #10372-D: (ULP 4.1) Detected uninitialized Port 1 in this project. Recommend initializing all unused ports to eliminate wasted current consumption on unused pins.
remark #10372-D: (ULP 4.1) Detected uninitialized Port 2 in this project. Recommend initializing all unused ports to eliminate wasted current consumption on unused pins.
remark #10372-D: (ULP 4.1) Detected uninitialized Port 3 in this project. Recommend initializing all unused ports to eliminate wasted current consumption on unused pins.
remark #10372-D: (ULP 4.1) Detected uninitialized Port 4 in this project. Recommend initializing all unused ports to eliminate wasted current consumption on unused pins.
remark #10372-D: (ULP 4.1) Detected uninitialized Port 5 in this project. Recommend initializing all unused ports to eliminate wasted current consumption on unused pins.
remark #10372-D: (ULP 4.1) Detected uninitialized Port 6 in this project. Recommend initializing all unused ports to eliminate wasted current consumption on unused pins.
remark #10372-D: (ULP 4.1) Detected uninitialized Port 7 in this project. Recommend initializing all unused ports to eliminate wasted current consumption on unused pins.
remark #10372-D: (ULP 4.1) Detected uninitialized Port 8 in this project. Recommend initializing all unused ports to eliminate wasted current consumption on unused pins.
remark #10372-D: (ULP 4.1) Detected uninitialized Port 9 in this project. Recommend initializing all unused ports to eliminate wasted current consumption on unused pins.
remark #10372-D: (ULP 4.1) Detected uninitialized Port 10 in this project. Recommend initializing all unused ports to eliminate wasted current consumption on unused pins.
Finished building target: "Lab09_SysTick.out"
 

**** Build Finished ****

**** Build of configuration Debug for project Lab09_SysTick ****

/Applications/ti/ccs1250/ccs/utils/bin/gmake -k -j 11 all -O 
 
Building file: "../Lab09_SysTickmain.c"
Invoking: ARM Compiler
"/Applications/ti/ccs1250/ccs/tools/compiler/ti-cgt-arm_20.2.7.LTS/bin/armcl" -mv7M4 --code_state=16 --float_support=FPv4SPD16 -me --include_path="/Applications/ti/ccs1250/ccs/tools/compiler/ti-cgt-arm_20.2.7.LTS/include" --include_path="/Applications/ti/ccs1250/ccs/ccs_base/arm/include" --include_path="/Applications/ti/ccs1250/ccs/ccs_base/arm/include/CMSIS" --advice:power=all --define=__MSP432P401R__ --define=TARGET_IS_MSP432P4XX --define=ccs -g --c99 --gcc --diag_warning=225 --diag_wrap=off --display_error_number --abi=eabi --preproc_with_compile --preproc_dependency="Lab09_SysTickmain.d_raw"  "../Lab09_SysTickmain.c"
"../Lab09_SysTickmain.c", line 89: remark #1527-D: (ULP 2.1) Detected SW delay loop using empty loop. Recommend using a timer module instead
"../Lab09_SysTickmain.c", line 89: remark #1527-D: (ULP 2.1) Detected SW delay loop using empty loop. Recommend using a timer module instead
Finished building: "../Lab09_SysTickmain.c"
 
Building target: "Lab09_SysTick.out"
Invoking: ARM Linker
"/Applications/ti/ccs1250/ccs/tools/compiler/ti-cgt-arm_20.2.7.LTS/bin/armcl" -mv7M4 --code_state=16 --float_support=FPv4SPD16 -me --advice:power=all --define=__MSP432P401R__ --define=TARGET_IS_MSP432P4XX --define=ccs -g --c99 --gcc --diag_warning=225 --diag_wrap=off --display_error_number --abi=eabi -z -m"Lab09_SysTick.map" --heap_size=1024 --stack_size=512 -i"/Applications/ti/ccs1250/ccs/ccs_base/arm/include" -i"/Applications/ti/ccs1250/ccs/ccs_base/arm/include" -i"/Applications/ti/ccs1250/ccs/tools/compiler/ti-cgt-arm_20.2.7.LTS/lib" -i"/Applications/ti/ccs1250/ccs/tools/compiler/ti-cgt-arm_20.2.7.LTS/include" --reread_libs --diag_wrap=off --display_error_number --warn_sections --xml_link_info="Lab09_SysTick_linkInfo.xml" --rom_model -o "Lab09_SysTick.out" "./Bump.obj" "./Clock.obj" "./CortexM.obj" "./Lab09_SysTickmain.obj" "./LaunchPad.obj" "./SysTick.obj" "./TExaS.obj" "./startup_msp432p401r_ccs.obj" "./system_msp432p401r.obj" "../msp432p401r.cmd"  -llibc.a 
<Linking>
remark #10371-D: (ULP 1.1) Detected no uses of low power mode state changing instructions
remark #10372-D: (ULP 4.1) Detected uninitialized Port 1 in this project. Recommend initializing all unused ports to eliminate wasted current consumption on unused pins.
remark #10372-D: (ULP 4.1) Detected uninitialized Port 2 in this project. Recommend initializing all unused ports to eliminate wasted current consumption on unused pins.
remark #10372-D: (ULP 4.1) Detected uninitialized Port 3 in this project. Recommend initializing all unused ports to eliminate wasted current consumption on unused pins.
remark #10372-D: (ULP 4.1) Detected uninitialized Port 4 in this project. Recommend initializing all unused ports to eliminate wasted current consumption on unused pins.
remark #10372-D: (ULP 4.1) Detected uninitialized Port 5 in this project. Recommend initializing all unused ports to eliminate wasted current consumption on unused pins.
remark #10372-D: (ULP 4.1) Detected uninitialized Port 6 in this project. Recommend initializing all unused ports to eliminate wasted current consumption on unused pins.
remark #10372-D: (ULP 4.1) Detected uninitialized Port 7 in this project. Recommend initializing all unused ports to eliminate wasted current consumption on unused pins.
remark #10372-D: (ULP 4.1) Detected uninitialized Port 8 in this project. Recommend initializing all unused ports to eliminate wasted current consumption on unused pins.
remark #10372-D: (ULP 4.1) Detected uninitialized Port 9 in this project. Recommend initializing all unused ports to eliminate wasted current consumption on unused pins.
remark #10372-D: (ULP 4.1) Detected uninitialized Port 10 in this project. Recommend initializing all unused ports to eliminate wasted current consumption on unused pins.
Finished building target: "Lab09_SysTick.out"
 

**** Build Finished ****

**** Build of configuration Debug for project Lab09_SysTick ****

/Applications/ti/ccs1250/ccs/utils/bin/gmake -k -j 11 all -O 
 
gmake[1]: 'Lab09_SysTick.out' is up to date.

**** Build Finished ****

**** Build of configuration Debug for project Lab09_SysTick ****

/Applications/ti/ccs1250/ccs/utils/bin/gmake -k -j 11 all -O 
 
gmake[1]: 'Lab09_SysTick.out' is up to date.

**** Build Finished ****

**** Build of configuration Debug for project Lab09_SysTick ****

/Applications/ti/ccs1250/ccs/utils/bin/gmake -k -j 11 all -O 
 
gmake[1]: 'Lab09_SysTick.out' is up to date.

**** Build Finished ****

**** Build of configuration Debug for project Lab09_SysTick ****

/Applications/ti/ccs1250/ccs/utils/bin/gmake -k -j 11 all -O 
 
gmake[1]: 'Lab09_SysTick.out' is up to date.

**** Build Finished ****

**** Build of configuration Debug for project Lab09_SysTick ****

/Applications/ti/ccs1250/ccs/utils/bin/gmake -k -j 11 all -O 
 
gmake[1]: 'Lab09_SysTick.out' is up to date.

**** Build Finished ****

**** Build of configuration Debug for project Lab09_SysTick ****

/Applications/ti/ccs1250/ccs/utils/bin/gmake -k -j 11 all -O 
 
Building file: "../Lab09_SysTickmain.c"
Invoking: ARM Compiler
"/Applications/ti/ccs1250/ccs/tools/compiler/ti-cgt-arm_20.2.7.LTS/bin/armcl" -mv7M4 --code_state=16 --float_support=FPv4SPD16 -me --include_path="/Applications/ti/ccs1250/ccs/tools/compiler/ti-cgt-arm_20.2.7.LTS/include" --include_path="/Applications/ti/ccs1250/ccs/ccs_base/arm/include" --include_path="/Applications/ti/ccs1250/ccs/ccs_base/arm/include/CMSIS" --advice:power=all --define=__MSP432P401R__ --define=TARGET_IS_MSP432P4XX --define=ccs -g --c99 --gcc --diag_warning=225 --diag_wrap=off --display_error_number --abi=eabi --preproc_with_compile --preproc_dependency="Lab09_SysTickmain.d_raw"  "../Lab09_SysTickmain.c"
"../Lab09_SysTickmain.c", line 89: remark #1527-D: (ULP 2.1) Detected SW delay loop using empty loop. Recommend using a timer module instead
"../Lab09_SysTickmain.c", line 89: remark #1527-D: (ULP 2.1) Detected SW delay loop using empty loop. Recommend using a timer module instead
Finished building: "../Lab09_SysTickmain.c"
 
Building target: "Lab09_SysTick.out"
Invoking: ARM Linker
"/Applications/ti/ccs1250/ccs/tools/compiler/ti-cgt-arm_20.2.7.LTS/bin/armcl" -mv7M4 --code_state=16 --float_support=FPv4SPD16 -me --advice:power=all --define=__MSP432P401R__ --define=TARGET_IS_MSP432P4XX --define=ccs -g --c99 --gcc --diag_warning=225 --diag_wrap=off --display_error_number --abi=eabi -z -m"Lab09_SysTick.map" --heap_size=1024 --stack_size=512 -i"/Applications/ti/ccs1250/ccs/ccs_base/arm/include" -i"/Applications/ti/ccs1250/ccs/ccs_base/arm/include" -i"/Applications/ti/ccs1250/ccs/tools/compiler/ti-cgt-arm_20.2.7.LTS/lib" -i"/Applications/ti/ccs1250/ccs/tools/compiler/ti-cgt-arm_20.2.7.LTS/include" --reread_libs --diag_wrap=off --display_error_number --warn_sections --xml_link_info="Lab09_SysTick_linkInfo.xml" --rom_model -o "Lab09_SysTick.out" "./Bump.obj" "./Clock.obj" "./CortexM.obj" "./Lab09_SysTickmain.obj" "./LaunchPad.obj" "./SysTick.obj" "./TExaS.obj" "./startup_msp432p401r_ccs.obj" "./system_msp432p401r.obj" "../msp432p401r.cmd"  -llibc.a 
<Linking>
remark #10371-D: (ULP 1.1) Detected no uses of low power mode state changing instructions
remark #10372-D: (ULP 4.1) Detected uninitialized Port 1 in this project. Recommend initializing all unused ports to eliminate wasted current consumption on unused pins.
remark #10372-D: (ULP 4.1) Detected uninitialized Port 2 in this project. Recommend initializing all unused ports to eliminate wasted current consumption on unused pins.
remark #10372-D: (ULP 4.1) Detected uninitialized Port 3 in this project. Recommend initializing all unused ports to eliminate wasted current consumption on unused pins.
remark #10372-D: (ULP 4.1) Detected uninitialized Port 4 in this project. Recommend initializing all unused ports to eliminate wasted current consumption on unused pins.
remark #10372-D: (ULP 4.1) Detected uninitialized Port 5 in this project. Recommend initializing all unused ports to eliminate wasted current consumption on unused pins.
remark #10372-D: (ULP 4.1) Detected uninitialized Port 6 in this project. Recommend initializing all unused ports to eliminate wasted current consumption on unused pins.
remark #10372-D: (ULP 4.1) Detected uninitialized Port 7 in this project. Recommend initializing all unused ports to eliminate wasted current consumption on unused pins.
remark #10372-D: (ULP 4.1) Detected uninitialized Port 8 in this project. Recommend initializing all unused ports to eliminate wasted current consumption on unused pins.
remark #10372-D: (ULP 4.1) Detected uninitialized Port 9 in this project. Recommend initializing all unused ports to eliminate wasted current consumption on unused pins.
remark #10372-D: (ULP 4.1) Detected uninitialized Port 10 in this project. Recommend initializing all unused ports to eliminate wasted current consumption on unused pins.
Finished building target: "Lab09_SysTick.out"
 

**** Build Finished ****

**** Build of configuration Debug for project Lab09_SysTick ****

/Applications/ti/ccs1250/ccs/utils/bin/gmake -k -j 11 all -O 
 
gmake[1]: 'Lab09_SysTick.out' is up to date.

**** Build Finished ****

**** Build of configuration Debug for project Lab09_SysTick ****

/Applications/ti/ccs1250/ccs/utils/bin/gmake -k -j 11 all -O 
 
Building file: "../Lab09_SysTickmain.c"
Invoking: ARM Compiler
"/Applications/ti/ccs1250/ccs/tools/compiler/ti-cgt-arm_20.2.7.LTS/bin/armcl" -mv7M4 --code_state=16 --float_support=FPv4SPD16 -me --include_path="/Applications/ti/ccs1250/ccs/tools/compiler/ti-cgt-arm_20.2.7.LTS/include" --include_path="/Applications/ti/ccs1250/ccs/ccs_base/arm/include" --include_path="/Applications/ti/ccs1250/ccs/ccs_base/arm/include/CMSIS" --advice:power=all --define=__MSP432P401R__ --define=TARGET_IS_MSP432P4XX --define=ccs -g --c99 --gcc --diag_warning=225 --diag_wrap=off --display_error_number --abi=eabi --preproc_with_compile --preproc_dependency="Lab09_SysTickmain.d_raw"  "../Lab09_SysTickmain.c"
"../Lab09_SysTickmain.c", line 89: remark #1527-D: (ULP 2.1) Detected SW delay loop using empty loop. Recommend using a timer module instead
"../Lab09_SysTickmain.c", line 89: remark #1527-D: (ULP 2.1) Detected SW delay loop using empty loop. Recommend using a timer module instead
Finished building: "../Lab09_SysTickmain.c"
 
Building target: "Lab09_SysTick.out"
Invoking: ARM Linker
"/Applications/ti/ccs1250/ccs/tools/compiler/ti-cgt-arm_20.2.7.LTS/bin/armcl" -mv7M4 --code_state=16 --float_support=FPv4SPD16 -me --advice:power=all --define=__MSP432P401R__ --define=TARGET_IS_MSP432P4XX --define=ccs -g --c99 --gcc --diag_warning=225 --diag_wrap=off --display_error_number --abi=eabi -z -m"Lab09_SysTick.map" --heap_size=1024 --stack_size=512 -i"/Applications/ti/ccs1250/ccs/ccs_base/arm/include" -i"/Applications/ti/ccs1250/ccs/ccs_base/arm/include" -i"/Applications/ti/ccs1250/ccs/tools/compiler/ti-cgt-arm_20.2.7.LTS/lib" -i"/Applications/ti/ccs1250/ccs/tools/compiler/ti-cgt-arm_20.2.7.LTS/include" --reread_libs --diag_wrap=off --display_error_number --warn_sections --xml_link_info="Lab09_SysTick_linkInfo.xml" --rom_model -o "Lab09_SysTick.out" "./Bump.obj" "./Clock.obj" "./CortexM.obj" "./Lab09_SysTickmain.obj" "./LaunchPad.obj" "./SysTick.obj" "./TExaS.obj" "./startup_msp432p401r_ccs.obj" "./system_msp432p401r.obj" "../msp432p401r.cmd"  -llibc.a 
<Linking>
remark #10371-D: (ULP 1.1) Detected no uses of low power mode state changing instructions
remark #10372-D: (ULP 4.1) Detected uninitialized Port 1 in this project. Recommend initializing all unused ports to eliminate wasted current consumption on unused pins.
remark #10372-D: (ULP 4.1) Detected uninitialized Port 2 in this project. Recommend initializing all unused ports to eliminate wasted current consumption on unused pins.
remark #10372-D: (ULP 4.1) Detected uninitialized Port 3 in this project. Recommend initializing all unused ports to eliminate wasted current consumption on unused pins.
remark #10372-D: (ULP 4.1) Detected uninitialized Port 4 in this project. Recommend initializing all unused ports to eliminate wasted current consumption on unused pins.
remark #10372-D: (ULP 4.1) Detected uninitialized Port 5 in this project. Recommend initializing all unused ports to eliminate wasted current consumption on unused pins.
remark #10372-D: (ULP 4.1) Detected uninitialized Port 6 in this project. Recommend initializing all unused ports to eliminate wasted current consumption on unused pins.
remark #10372-D: (ULP 4.1) Detected uninitialized Port 7 in this project. Recommend initializing all unused ports to eliminate wasted current consumption on unused pins.
remark #10372-D: (ULP 4.1) Detected uninitialized Port 8 in this project. Recommend initializing all unused ports to eliminate wasted current consumption on unused pins.
remark #10372-D: (ULP 4.1) Detected uninitialized Port 9 in this project. Recommend initializing all unused ports to eliminate wasted current consumption on unused pins.
remark #10372-D: (ULP 4.1) Detected uninitialized Port 10 in this project. Recommend initializing all unused ports to eliminate wasted current consumption on unused pins.
Finished building target: "Lab09_SysTick.out"
 

**** Build Finished ****

**** Build of configuration Debug for project Lab09_SysTick ****

/Applications/ti/ccs1250/ccs/utils/bin/gmake -k -j 11 all -O 
 
gmake[1]: 'Lab09_SysTick.out' is up to date.

**** Build Finished ****

**** Build of configuration Debug for project Lab09_SysTick ****

/Applications/ti/ccs1250/ccs/utils/bin/gmake -k -j 11 all -O 
 
Building file: "../Lab09_SysTickmain.c"
Invoking: ARM Compiler
"/Applications/ti/ccs1250/ccs/tools/compiler/ti-cgt-arm_20.2.7.LTS/bin/armcl" -mv7M4 --code_state=16 --float_support=FPv4SPD16 -me --include_path="/Applications/ti/ccs1250/ccs/tools/compiler/ti-cgt-arm_20.2.7.LTS/include" --include_path="/Applications/ti/ccs1250/ccs/ccs_base/arm/include" --include_path="/Applications/ti/ccs1250/ccs/ccs_base/arm/include/CMSIS" --advice:power=all --define=__MSP432P401R__ --define=TARGET_IS_MSP432P4XX --define=ccs -g --c99 --gcc --diag_warning=225 --diag_wrap=off --display_error_number --abi=eabi --preproc_with_compile --preproc_dependency="Lab09_SysTickmain.d_raw"  "../Lab09_SysTickmain.c"
Finished building: "../Lab09_SysTickmain.c"
 
Building target: "Lab09_SysTick.out"
Invoking: ARM Linker
"/Applications/ti/ccs1250/ccs/tools/compiler/ti-cgt-arm_20.2.7.LTS/bin/armcl" -mv7M4 --code_state=16 --float_support=FPv4SPD16 -me --advice:power=all --define=__MSP432P401R__ --define=TARGET_IS_MSP432P4XX --define=ccs -g --c99 --gcc --diag_warning=225 --diag_wrap=off --display_error_number --abi=eabi -z -m"Lab09_SysTick.map" --heap_size=1024 --stack_size=512 -i"/Applications/ti/ccs1250/ccs/ccs_base/arm/include" -i"/Applications/ti/ccs1250/ccs/ccs_base/arm/include" -i"/Applications/ti/ccs1250/ccs/tools/compiler/ti-cgt-arm_20.2.7.LTS/lib" -i"/Applications/ti/ccs1250/ccs/tools/compiler/ti-cgt-arm_20.2.7.LTS/include" --reread_libs --diag_wrap=off --display_error_number --warn_sections --xml_link_info="Lab09_SysTick_linkInfo.xml" --rom_model -o "Lab09_SysTick.out" "./Bump.obj" "./Clock.obj" "./CortexM.obj" "./Lab09_SysTickmain.obj" "./LaunchPad.obj" "./SysTick.obj" "./TExaS.obj" "./startup_msp432p401r_ccs.obj" "./system_msp432p401r.obj" "../msp432p401r.cmd"  -llibc.a 
<Linking>
remark #10371-D: (ULP 1.1) Detected no uses of low power mode state changing instructions
remark #10372-D: (ULP 4.1) Detected uninitialized Port 1 in this project. Recommend initializing all unused ports to eliminate wasted current consumption on unused pins.
remark #10372-D: (ULP 4.1) Detected uninitialized Port 2 in this project. Recommend initializing all unused ports to eliminate wasted current consumption on unused pins.
remark #10372-D: (ULP 4.1) Detected uninitialized Port 3 in this project. Recommend initializing all unused ports to eliminate wasted current consumption on unused pins.
remark #10372-D: (ULP 4.1) Detected uninitialized Port 4 in this project. Recommend initializing all unused ports to eliminate wasted current consumption on unused pins.
remark #10372-D: (ULP 4.1) Detected uninitialized Port 5 in this project. Recommend initializing all unused ports to eliminate wasted current consumption on unused pins.
remark #10372-D: (ULP 4.1) Detected uninitialized Port 6 in this project. Recommend initializing all unused ports to eliminate wasted current consumption on unused pins.
remark #10372-D: (ULP 4.1) Detected uninitialized Port 7 in this project. Recommend initializing all unused ports to eliminate wasted current consumption on unused pins.
remark #10372-D: (ULP 4.1) Detected uninitialized Port 8 in this project. Recommend initializing all unused ports to eliminate wasted current consumption on unused pins.
remark #10372-D: (ULP 4.1) Detected uninitialized Port 9 in this project. Recommend initializing all unused ports to eliminate wasted current consumption on unused pins.
remark #10372-D: (ULP 4.1) Detected uninitialized Port 10 in this project. Recommend initializing all unused ports to eliminate wasted current consumption on unused pins.
Finished building target: "Lab09_SysTick.out"
 

**** Build Finished ****

**** Build of configuration Debug for project Lab09_SysTick ****

/Applications/ti/ccs1250/ccs/utils/bin/gmake -k -j 11 all -O 
 
gmake[1]: 'Lab09_SysTick.out' is up to date.

**** Build Finished ****

**** Build of configuration Debug for project Lab09_SysTick ****

/Applications/ti/ccs1250/ccs/utils/bin/gmake -k -j 11 all -O 
 
Building file: "../Lab09_SysTickmain.c"
Invoking: ARM Compiler
"/Applications/ti/ccs1250/ccs/tools/compiler/ti-cgt-arm_20.2.7.LTS/bin/armcl" -mv7M4 --code_state=16 --float_support=FPv4SPD16 -me --include_path="/Applications/ti/ccs1250/ccs/tools/compiler/ti-cgt-arm_20.2.7.LTS/include" --include_path="/Applications/ti/ccs1250/ccs/ccs_base/arm/include" --include_path="/Applications/ti/ccs1250/ccs/ccs_base/arm/include/CMSIS" --advice:power=all --define=__MSP432P401R__ --define=TARGET_IS_MSP432P4XX --define=ccs -g --c99 --gcc --diag_warning=225 --diag_wrap=off --display_error_number --abi=eabi --preproc_with_compile --preproc_dependency="Lab09_SysTickmain.d_raw"  "../Lab09_SysTickmain.c"
Finished building: "../Lab09_SysTickmain.c"
 
Building target: "Lab09_SysTick.out"
Invoking: ARM Linker
"/Applications/ti/ccs1250/ccs/tools/compiler/ti-cgt-arm_20.2.7.LTS/bin/armcl" -mv7M4 --code_state=16 --float_support=FPv4SPD16 -me --advice:power=all --define=__MSP432P401R__ --define=TARGET_IS_MSP432P4XX --define=ccs -g --c99 --gcc --diag_warning=225 --diag_wrap=off --display_error_number --abi=eabi -z -m"Lab09_SysTick.map" --heap_size=1024 --stack_size=512 -i"/Applications/ti/ccs1250/ccs/ccs_base/arm/include" -i"/Applications/ti/ccs1250/ccs/ccs_base/arm/include" -i"/Applications/ti/ccs1250/ccs/tools/compiler/ti-cgt-arm_20.2.7.LTS/lib" -i"/Applications/ti/ccs1250/ccs/tools/compiler/ti-cgt-arm_20.2.7.LTS/include" --reread_libs --diag_wrap=off --display_error_number --warn_sections --xml_link_info="Lab09_SysTick_linkInfo.xml" --rom_model -o "Lab09_SysTick.out" "./Bump.obj" "./Clock.obj" "./CortexM.obj" "./Lab09_SysTickmain.obj" "./LaunchPad.obj" "./SysTick.obj" "./TExaS.obj" "./startup_msp432p401r_ccs.obj" "./system_msp432p401r.obj" "../msp432p401r.cmd"  -llibc.a 
<Linking>
remark #10371-D: (ULP 1.1) Detected no uses of low power mode state changing instructions
remark #10372-D: (ULP 4.1) Detected uninitialized Port 1 in this project. Recommend initializing all unused ports to eliminate wasted current consumption on unused pins.
remark #10372-D: (ULP 4.1) Detected uninitialized Port 2 in this project. Recommend initializing all unused ports to eliminate wasted current consumption on unused pins.
remark #10372-D: (ULP 4.1) Detected uninitialized Port 3 in this project. Recommend initializing all unused ports to eliminate wasted current consumption on unused pins.
remark #10372-D: (ULP 4.1) Detected uninitialized Port 4 in this project. Recommend initializing all unused ports to eliminate wasted current consumption on unused pins.
remark #10372-D: (ULP 4.1) Detected uninitialized Port 5 in this project. Recommend initializing all unused ports to eliminate wasted current consumption on unused pins.
remark #10372-D: (ULP 4.1) Detected uninitialized Port 6 in this project. Recommend initializing all unused ports to eliminate wasted current consumption on unused pins.
remark #10372-D: (ULP 4.1) Detected uninitialized Port 7 in this project. Recommend initializing all unused ports to eliminate wasted current consumption on unused pins.
remark #10372-D: (ULP 4.1) Detected uninitialized Port 8 in this project. Recommend initializing all unused ports to eliminate wasted current consumption on unused pins.
remark #10372-D: (ULP 4.1) Detected uninitialized Port 9 in this project. Recommend initializing all unused ports to eliminate wasted current consumption on unused pins.
remark #10372-D: (ULP 4.1) Detected uninitialized Port 10 in this project. Recommend initializing all unused ports to eliminate wasted current consumption on unused pins.
Finished building target: "Lab09_SysTick.out"
 

**** Build Finished ****

**** Build of configuration Debug for project Lab09_SysTick ****

/Applications/ti/ccs1250/ccs/utils/bin/gmake -k -j 11 all -O 
 
Building file: "../Lab09_SysTickmain.c"
Invoking: ARM Compiler
"/Applications/ti/ccs1250/ccs/tools/compiler/ti-cgt-arm_20.2.7.LTS/bin/armcl" -mv7M4 --code_state=16 --float_support=FPv4SPD16 -me --include_path="/Applications/ti/ccs1250/ccs/tools/compiler/ti-cgt-arm_20.2.7.LTS/include" --include_path="/Applications/ti/ccs1250/ccs/ccs_base/arm/include" --include_path="/Applications/ti/ccs1250/ccs/ccs_base/arm/include/CMSIS" --advice:power=all --define=__MSP432P401R__ --define=TARGET_IS_MSP432P4XX --define=ccs -g --c99 --gcc --diag_warning=225 --diag_wrap=off --display_error_number --abi=eabi --preproc_with_compile --preproc_dependency="Lab09_SysTickmain.d_raw"  "../Lab09_SysTickmain.c"
Finished building: "../Lab09_SysTickmain.c"
 
Building target: "Lab09_SysTick.out"
Invoking: ARM Linker
"/Applications/ti/ccs1250/ccs/tools/compiler/ti-cgt-arm_20.2.7.LTS/bin/armcl" -mv7M4 --code_state=16 --float_support=FPv4SPD16 -me --advice:power=all --define=__MSP432P401R__ --define=TARGET_IS_MSP432P4XX --define=ccs -g --c99 --gcc --diag_warning=225 --diag_wrap=off --display_error_number --abi=eabi -z -m"Lab09_SysTick.map" --heap_size=1024 --stack_size=512 -i"/Applications/ti/ccs1250/ccs/ccs_base/arm/include" -i"/Applications/ti/ccs1250/ccs/ccs_base/arm/include" -i"/Applications/ti/ccs1250/ccs/tools/compiler/ti-cgt-arm_20.2.7.LTS/lib" -i"/Applications/ti/ccs1250/ccs/tools/compiler/ti-cgt-arm_20.2.7.LTS/include" --reread_libs --diag_wrap=off --display_error_number --warn_sections --xml_link_info="Lab09_SysTick_linkInfo.xml" --rom_model -o "Lab09_SysTick.out" "./Bump.obj" "./Clock.obj" "./CortexM.obj" "./Lab09_SysTickmain.obj" "./LaunchPad.obj" "./SysTick.obj" "./TExaS.obj" "./startup_msp432p401r_ccs.obj" "./system_msp432p401r.obj" "../msp432p401r.cmd"  -llibc.a 
<Linking>
remark #10371-D: (ULP 1.1) Detected no uses of low power mode state changing instructions
remark #10372-D: (ULP 4.1) Detected uninitialized Port 1 in this project. Recommend initializing all unused ports to eliminate wasted current consumption on unused pins.
remark #10372-D: (ULP 4.1) Detected uninitialized Port 2 in this project. Recommend initializing all unused ports to eliminate wasted current consumption on unused pins.
remark #10372-D: (ULP 4.1) Detected uninitialized Port 3 in this project. Recommend initializing all unused ports to eliminate wasted current consumption on unused pins.
remark #10372-D: (ULP 4.1) Detected uninitialized Port 4 in this project. Recommend initializing all unused ports to eliminate wasted current consumption on unused pins.
remark #10372-D: (ULP 4.1) Detected uninitialized Port 5 in this project. Recommend initializing all unused ports to eliminate wasted current consumption on unused pins.
remark #10372-D: (ULP 4.1) Detected uninitialized Port 6 in this project. Recommend initializing all unused ports to eliminate wasted current consumption on unused pins.
remark #10372-D: (ULP 4.1) Detected uninitialized Port 7 in this project. Recommend initializing all unused ports to eliminate wasted current consumption on unused pins.
remark #10372-D: (ULP 4.1) Detected uninitialized Port 8 in this project. Recommend initializing all unused ports to eliminate wasted current consumption on unused pins.
remark #10372-D: (ULP 4.1) Detected uninitialized Port 9 in this project. Recommend initializing all unused ports to eliminate wasted current consumption on unused pins.
remark #10372-D: (ULP 4.1) Detected uninitialized Port 10 in this project. Recommend initializing all unused ports to eliminate wasted current consumption on unused pins.
Finished building target: "Lab09_SysTick.out"
 

**** Build Finished ****

**** Build of configuration Debug for project Lab09_SysTick ****

/Applications/ti/ccs1250/ccs/utils/bin/gmake -k -j 11 all -O 
 
gmake[1]: 'Lab09_SysTick.out' is up to date.

**** Build Finished ****

**** Build of configuration Debug for project Lab09_SysTick ****

/Applications/ti/ccs1250/ccs/utils/bin/gmake -k -j 11 all -O 
 
Building file: "../Lab09_SysTickmain.c"
Invoking: ARM Compiler
"/Applications/ti/ccs1250/ccs/tools/compiler/ti-cgt-arm_20.2.7.LTS/bin/armcl" -mv7M4 --code_state=16 --float_support=FPv4SPD16 -me --include_path="/Applications/ti/ccs1250/ccs/tools/compiler/ti-cgt-arm_20.2.7.LTS/include" --include_path="/Applications/ti/ccs1250/ccs/ccs_base/arm/include" --include_path="/Applications/ti/ccs1250/ccs/ccs_base/arm/include/CMSIS" --advice:power=all --define=__MSP432P401R__ --define=TARGET_IS_MSP432P4XX --define=ccs -g --c99 --gcc --diag_warning=225 --diag_wrap=off --display_error_number --abi=eabi --preproc_with_compile --preproc_dependency="Lab09_SysTickmain.d_raw"  "../Lab09_SysTickmain.c"
"../Lab09_SysTickmain.c", line 92: remark #1527-D: (ULP 2.1) Detected SW delay loop using empty loop. Recommend using a timer module instead
"../Lab09_SysTickmain.c", line 92: remark #1527-D: (ULP 2.1) Detected SW delay loop using empty loop. Recommend using a timer module instead
Finished building: "../Lab09_SysTickmain.c"
 
Building target: "Lab09_SysTick.out"
Invoking: ARM Linker
"/Applications/ti/ccs1250/ccs/tools/compiler/ti-cgt-arm_20.2.7.LTS/bin/armcl" -mv7M4 --code_state=16 --float_support=FPv4SPD16 -me --advice:power=all --define=__MSP432P401R__ --define=TARGET_IS_MSP432P4XX --define=ccs -g --c99 --gcc --diag_warning=225 --diag_wrap=off --display_error_number --abi=eabi -z -m"Lab09_SysTick.map" --heap_size=1024 --stack_size=512 -i"/Applications/ti/ccs1250/ccs/ccs_base/arm/include" -i"/Applications/ti/ccs1250/ccs/ccs_base/arm/include" -i"/Applications/ti/ccs1250/ccs/tools/compiler/ti-cgt-arm_20.2.7.LTS/lib" -i"/Applications/ti/ccs1250/ccs/tools/compiler/ti-cgt-arm_20.2.7.LTS/include" --reread_libs --diag_wrap=off --display_error_number --warn_sections --xml_link_info="Lab09_SysTick_linkInfo.xml" --rom_model -o "Lab09_SysTick.out" "./Bump.obj" "./Clock.obj" "./CortexM.obj" "./Lab09_SysTickmain.obj" "./LaunchPad.obj" "./SysTick.obj" "./TExaS.obj" "./startup_msp432p401r_ccs.obj" "./system_msp432p401r.obj" "../msp432p401r.cmd"  -llibc.a 
<Linking>
remark #10371-D: (ULP 1.1) Detected no uses of low power mode state changing instructions
remark #10372-D: (ULP 4.1) Detected uninitialized Port 1 in this project. Recommend initializing all unused ports to eliminate wasted current consumption on unused pins.
remark #10372-D: (ULP 4.1) Detected uninitialized Port 2 in this project. Recommend initializing all unused ports to eliminate wasted current consumption on unused pins.
remark #10372-D: (ULP 4.1) Detected uninitialized Port 3 in this project. Recommend initializing all unused ports to eliminate wasted current consumption on unused pins.
remark #10372-D: (ULP 4.1) Detected uninitialized Port 4 in this project. Recommend initializing all unused ports to eliminate wasted current consumption on unused pins.
remark #10372-D: (ULP 4.1) Detected uninitialized Port 5 in this project. Recommend initializing all unused ports to eliminate wasted current consumption on unused pins.
remark #10372-D: (ULP 4.1) Detected uninitialized Port 6 in this project. Recommend initializing all unused ports to eliminate wasted current consumption on unused pins.
remark #10372-D: (ULP 4.1) Detected uninitialized Port 7 in this project. Recommend initializing all unused ports to eliminate wasted current consumption on unused pins.
remark #10372-D: (ULP 4.1) Detected uninitialized Port 8 in this project. Recommend initializing all unused ports to eliminate wasted current consumption on unused pins.
remark #10372-D: (ULP 4.1) Detected uninitialized Port 9 in this project. Recommend initializing all unused ports to eliminate wasted current consumption on unused pins.
remark #10372-D: (ULP 4.1) Detected uninitialized Port 10 in this project. Recommend initializing all unused ports to eliminate wasted current consumption on unused pins.
Finished building target: "Lab09_SysTick.out"
 

**** Build Finished ****

**** Build of configuration Debug for project Lab09_SysTick ****

/Applications/ti/ccs1250/ccs/utils/bin/gmake -k -j 11 all -O 
 
Building file: "../Lab09_SysTickmain.c"
Invoking: ARM Compiler
"/Applications/ti/ccs1250/ccs/tools/compiler/ti-cgt-arm_20.2.7.LTS/bin/armcl" -mv7M4 --code_state=16 --float_support=FPv4SPD16 -me --include_path="/Applications/ti/ccs1250/ccs/tools/compiler/ti-cgt-arm_20.2.7.LTS/include" --include_path="/Applications/ti/ccs1250/ccs/ccs_base/arm/include" --include_path="/Applications/ti/ccs1250/ccs/ccs_base/arm/include/CMSIS" --advice:power=all --define=__MSP432P401R__ --define=TARGET_IS_MSP432P4XX --define=ccs -g --c99 --gcc --diag_warning=225 --diag_wrap=off --display_error_number --abi=eabi --preproc_with_compile --preproc_dependency="Lab09_SysTickmain.d_raw"  "../Lab09_SysTickmain.c"
Finished building: "../Lab09_SysTickmain.c"
 
Building target: "Lab09_SysTick.out"
Invoking: ARM Linker
"/Applications/ti/ccs1250/ccs/tools/compiler/ti-cgt-arm_20.2.7.LTS/bin/armcl" -mv7M4 --code_state=16 --float_support=FPv4SPD16 -me --advice:power=all --define=__MSP432P401R__ --define=TARGET_IS_MSP432P4XX --define=ccs -g --c99 --gcc --diag_warning=225 --diag_wrap=off --display_error_number --abi=eabi -z -m"Lab09_SysTick.map" --heap_size=1024 --stack_size=512 -i"/Applications/ti/ccs1250/ccs/ccs_base/arm/include" -i"/Applications/ti/ccs1250/ccs/ccs_base/arm/include" -i"/Applications/ti/ccs1250/ccs/tools/compiler/ti-cgt-arm_20.2.7.LTS/lib" -i"/Applications/ti/ccs1250/ccs/tools/compiler/ti-cgt-arm_20.2.7.LTS/include" --reread_libs --diag_wrap=off --display_error_number --warn_sections --xml_link_info="Lab09_SysTick_linkInfo.xml" --rom_model -o "Lab09_SysTick.out" "./Bump.obj" "./Clock.obj" "./CortexM.obj" "./Lab09_SysTickmain.obj" "./LaunchPad.obj" "./SysTick.obj" "./TExaS.obj" "./startup_msp432p401r_ccs.obj" "./system_msp432p401r.obj" "../msp432p401r.cmd"  -llibc.a 
<Linking>
remark #10371-D: (ULP 1.1) Detected no uses of low power mode state changing instructions
remark #10372-D: (ULP 4.1) Detected uninitialized Port 1 in this project. Recommend initializing all unused ports to eliminate wasted current consumption on unused pins.
remark #10372-D: (ULP 4.1) Detected uninitialized Port 2 in this project. Recommend initializing all unused ports to eliminate wasted current consumption on unused pins.
remark #10372-D: (ULP 4.1) Detected uninitialized Port 3 in this project. Recommend initializing all unused ports to eliminate wasted current consumption on unused pins.
remark #10372-D: (ULP 4.1) Detected uninitialized Port 4 in this project. Recommend initializing all unused ports to eliminate wasted current consumption on unused pins.
remark #10372-D: (ULP 4.1) Detected uninitialized Port 5 in this project. Recommend initializing all unused ports to eliminate wasted current consumption on unused pins.
remark #10372-D: (ULP 4.1) Detected uninitialized Port 6 in this project. Recommend initializing all unused ports to eliminate wasted current consumption on unused pins.
remark #10372-D: (ULP 4.1) Detected uninitialized Port 7 in this project. Recommend initializing all unused ports to eliminate wasted current consumption on unused pins.
remark #10372-D: (ULP 4.1) Detected uninitialized Port 8 in this project. Recommend initializing all unused ports to eliminate wasted current consumption on unused pins.
remark #10372-D: (ULP 4.1) Detected uninitialized Port 9 in this project. Recommend initializing all unused ports to eliminate wasted current consumption on unused pins.
remark #10372-D: (ULP 4.1) Detected uninitialized Port 10 in this project. Recommend initializing all unused ports to eliminate wasted current consumption on unused pins.
Finished building target: "Lab09_SysTick.out"
 

**** Build Finished ****

**** Build of configuration Debug for project Lab09_SysTick ****

/Applications/ti/ccs1250/ccs/utils/bin/gmake -k -j 11 all -O 
 
Building file: "../Lab09_SysTickmain.c"
Invoking: ARM Compiler
"/Applications/ti/ccs1250/ccs/tools/compiler/ti-cgt-arm_20.2.7.LTS/bin/armcl" -mv7M4 --code_state=16 --float_support=FPv4SPD16 -me --include_path="/Applications/ti/ccs1250/ccs/tools/compiler/ti-cgt-arm_20.2.7.LTS/include" --include_path="/Applications/ti/ccs1250/ccs/ccs_base/arm/include" --include_path="/Applications/ti/ccs1250/ccs/ccs_base/arm/include/CMSIS" --advice:power=all --define=__MSP432P401R__ --define=TARGET_IS_MSP432P4XX --define=ccs -g --c99 --gcc --diag_warning=225 --diag_wrap=off --display_error_number --abi=eabi --preproc_with_compile --preproc_dependency="Lab09_SysTickmain.d_raw"  "../Lab09_SysTickmain.c"
Finished building: "../Lab09_SysTickmain.c"
 
Building target: "Lab09_SysTick.out"
Invoking: ARM Linker
"/Applications/ti/ccs1250/ccs/tools/compiler/ti-cgt-arm_20.2.7.LTS/bin/armcl" -mv7M4 --code_state=16 --float_support=FPv4SPD16 -me --advice:power=all --define=__MSP432P401R__ --define=TARGET_IS_MSP432P4XX --define=ccs -g --c99 --gcc --diag_warning=225 --diag_wrap=off --display_error_number --abi=eabi -z -m"Lab09_SysTick.map" --heap_size=1024 --stack_size=512 -i"/Applications/ti/ccs1250/ccs/ccs_base/arm/include" -i"/Applications/ti/ccs1250/ccs/ccs_base/arm/include" -i"/Applications/ti/ccs1250/ccs/tools/compiler/ti-cgt-arm_20.2.7.LTS/lib" -i"/Applications/ti/ccs1250/ccs/tools/compiler/ti-cgt-arm_20.2.7.LTS/include" --reread_libs --diag_wrap=off --display_error_number --warn_sections --xml_link_info="Lab09_SysTick_linkInfo.xml" --rom_model -o "Lab09_SysTick.out" "./Bump.obj" "./Clock.obj" "./CortexM.obj" "./Lab09_SysTickmain.obj" "./LaunchPad.obj" "./SysTick.obj" "./TExaS.obj" "./startup_msp432p401r_ccs.obj" "./system_msp432p401r.obj" "../msp432p401r.cmd"  -llibc.a 
<Linking>
remark #10371-D: (ULP 1.1) Detected no uses of low power mode state changing instructions
remark #10372-D: (ULP 4.1) Detected uninitialized Port 1 in this project. Recommend initializing all unused ports to eliminate wasted current consumption on unused pins.
remark #10372-D: (ULP 4.1) Detected uninitialized Port 2 in this project. Recommend initializing all unused ports to eliminate wasted current consumption on unused pins.
remark #10372-D: (ULP 4.1) Detected uninitialized Port 3 in this project. Recommend initializing all unused ports to eliminate wasted current consumption on unused pins.
remark #10372-D: (ULP 4.1) Detected uninitialized Port 4 in this project. Recommend initializing all unused ports to eliminate wasted current consumption on unused pins.
remark #10372-D: (ULP 4.1) Detected uninitialized Port 5 in this project. Recommend initializing all unused ports to eliminate wasted current consumption on unused pins.
remark #10372-D: (ULP 4.1) Detected uninitialized Port 6 in this project. Recommend initializing all unused ports to eliminate wasted current consumption on unused pins.
remark #10372-D: (ULP 4.1) Detected uninitialized Port 7 in this project. Recommend initializing all unused ports to eliminate wasted current consumption on unused pins.
remark #10372-D: (ULP 4.1) Detected uninitialized Port 8 in this project. Recommend initializing all unused ports to eliminate wasted current consumption on unused pins.
remark #10372-D: (ULP 4.1) Detected uninitialized Port 9 in this project. Recommend initializing all unused ports to eliminate wasted current consumption on unused pins.
remark #10372-D: (ULP 4.1) Detected uninitialized Port 10 in this project. Recommend initializing all unused ports to eliminate wasted current consumption on unused pins.
Finished building target: "Lab09_SysTick.out"
 

**** Build Finished ****
